---------------------------------------------------------------
[ 2018-04-11T14:38:56+08:00 ] 127.0.0.1 127.0.0.1 GET /
[ info ] www.php.cc/ [运行时间：0.344168s][吞吐率：2.91req/s] [内存消耗：1,413.55kb] [文件加载：42]
[ info ] [ LANG ] D:\web\sina\php\thinkphp\lang\zh-cn.php
[ info ] [ ROUTE ] array (
  'type' => 'module',
  'module' => 
  array (
    0 => '',
    1 => NULL,
    2 => NULL,
  ),
)
[ info ] [ HEADER ] array (
  'host' => 'www.php.cc',
  'connection' => 'keep-alive',
  'upgrade-insecure-requests' => '1',
  'user-agent' => 'Mozilla/5.0 (Windows NT 10.0; Win64; x64) AppleWebKit/537.36 (KHTML, like Gecko) Chrome/65.0.3325.181 Safari/537.36',
  'accept' => 'text/html,application/xhtml+xml,application/xml;q=0.9,image/webp,image/apng,*/*;q=0.8',
  'accept-encoding' => 'gzip, deflate',
  'accept-language' => 'zh-CN,zh;q=0.9',
)
[ info ] [ PARAM ] array (
)
[ info ] [ RUN ] app\api\controller\Index->index[ D:\web\sina\php\apps\api\controller\Index.php ]
[ info ] [ LOG ] INIT File
---------------------------------------------------------------
[ 2018-04-11T14:39:01+08:00 ] 127.0.0.1 127.0.0.1 GET /
[ info ] www.php.cc/ [运行时间：0.125816s][吞吐率：7.95req/s] [内存消耗：1,415.04kb] [文件加载：42]
[ info ] [ LANG ] D:\web\sina\php\thinkphp\lang\zh-cn.php
[ info ] [ ROUTE ] array (
  'type' => 'module',
  'module' => 
  array (
    0 => '',
    1 => NULL,
    2 => NULL,
  ),
)
[ info ] [ HEADER ] array (
  'host' => 'www.php.cc',
  'connection' => 'keep-alive',
  'cache-control' => 'max-age=0',
  'upgrade-insecure-requests' => '1',
  'user-agent' => 'Mozilla/5.0 (Windows NT 10.0; Win64; x64) AppleWebKit/537.36 (KHTML, like Gecko) Chrome/65.0.3325.181 Safari/537.36',
  'accept' => 'text/html,application/xhtml+xml,application/xml;q=0.9,image/webp,image/apng,*/*;q=0.8',
  'accept-encoding' => 'gzip, deflate',
  'accept-language' => 'zh-CN,zh;q=0.9',
)
[ info ] [ PARAM ] array (
)
[ info ] [ RUN ] app\api\controller\Index->index[ D:\web\sina\php\apps\api\controller\Index.php ]
[ info ] [ LOG ] INIT File
---------------------------------------------------------------
[ 2018-04-11T14:39:02+08:00 ] 127.0.0.1 127.0.0.1 GET /index.php/api/News/new_list?type=0&page=10
[ info ] www.php.cc/index.php/api/News/new_list?type=0&page=10 [运行时间：12.592495s][吞吐率：0.08req/s] [内存消耗：1,504.16kb] [文件加载：43]
[ info ] [ LANG ] D:\web\sina\php\thinkphp\lang\zh-cn.php
[ info ] [ ROUTE ] array (
  'type' => 'module',
  'module' => 
  array (
    0 => 'api',
    1 => 'News',
    2 => 'new_list',
  ),
)
[ info ] [ HEADER ] array (
  'host' => 'www.php.cc',
  'connection' => 'keep-alive',
  'pragma' => 'no-cache',
  'cache-control' => 'no-cache',
  'accept' => 'application/json, text/plain, */*',
  'origin' => 'http://localhost:8080',
  'user-agent' => 'Mozilla/5.0 (iPhone; CPU iPhone OS 11_0 like Mac OS X) AppleWebKit/604.1.38 (KHTML, like Gecko) Version/11.0 Mobile/15A372 Safari/604.1',
  'referer' => 'http://localhost:8080/',
  'accept-encoding' => 'gzip, deflate',
  'accept-language' => 'zh-CN,zh;q=0.9',
)
[ info ] [ PARAM ] array (
  'type' => '0',
  'page' => '10',
)
[ info ] [ RUN ] app\api\controller\News->new_list[ D:\web\sina\php\apps\api\controller\News.php ]
[ info ] [ LOG ] INIT File
---------------------------------------------------------------
[ 2018-04-11T14:39:05+08:00 ] 127.0.0.1 127.0.0.1 GET /_coverpage.md
[ info ] www.php.cc/_coverpage.md [运行时间：0.042643s][吞吐率：23.45req/s] [内存消耗：1,510.11kb] [文件加载：41]
[ info ] [ LANG ] D:\web\sina\php\thinkphp\lang\zh-cn.php
[ info ] [ ROUTE ] array (
  'type' => 'module',
  'module' => 
  array (
    0 => '_coverpage.md',
    1 => NULL,
    2 => NULL,
  ),
)
[ info ] [ HEADER ] array (
  'host' => 'www.php.cc',
  'connection' => 'keep-alive',
  'user-agent' => 'Mozilla/5.0 (Windows NT 10.0; Win64; x64) AppleWebKit/537.36 (KHTML, like Gecko) Chrome/65.0.3325.181 Safari/537.36',
  'accept' => '*/*',
  'referer' => 'http://www.php.cc/',
  'accept-encoding' => 'gzip, deflate',
  'accept-language' => 'zh-CN,zh;q=0.9',
)
[ info ] [ PARAM ] array (
)
[ info ] [ LOG ] INIT File
---------------------------------------------------------------
[ 2018-04-11T14:39:10+08:00 ] 127.0.0.1 127.0.0.1 GET /index.php/api/News/new_list?type=0&page=10
[ info ] www.php.cc/index.php/api/News/new_list?type=0&page=10 [运行时间：0.318898s][吞吐率：3.14req/s] [内存消耗：1,504.16kb] [文件加载：43]
[ info ] [ LANG ] D:\web\sina\php\thinkphp\lang\zh-cn.php
[ info ] [ ROUTE ] array (
  'type' => 'module',
  'module' => 
  array (
    0 => 'api',
    1 => 'News',
    2 => 'new_list',
  ),
)
[ info ] [ HEADER ] array (
  'host' => 'www.php.cc',
  'connection' => 'keep-alive',
  'pragma' => 'no-cache',
  'cache-control' => 'no-cache',
  'accept' => 'application/json, text/plain, */*',
  'origin' => 'http://localhost:8080',
  'user-agent' => 'Mozilla/5.0 (iPhone; CPU iPhone OS 11_0 like Mac OS X) AppleWebKit/604.1.38 (KHTML, like Gecko) Version/11.0 Mobile/15A372 Safari/604.1',
  'referer' => 'http://localhost:8080/',
  'accept-encoding' => 'gzip, deflate',
  'accept-language' => 'zh-CN,zh;q=0.9',
)
[ info ] [ PARAM ] array (
  'type' => '0',
  'page' => '10',
)
[ info ] [ RUN ] app\api\controller\News->new_list[ D:\web\sina\php\apps\api\controller\News.php ]
[ info ] [ LOG ] INIT File
---------------------------------------------------------------
[ 2018-04-11T14:39:19+08:00 ] 127.0.0.1 127.0.0.1 GET /index.php/api/News/new_list?type=0&page=10
[ info ] www.php.cc/index.php/api/News/new_list?type=0&page=10 [运行时间：0.100413s][吞吐率：9.96req/s] [内存消耗：1,504.16kb] [文件加载：43]
[ info ] [ LANG ] D:\web\sina\php\thinkphp\lang\zh-cn.php
[ info ] [ ROUTE ] array (
  'type' => 'module',
  'module' => 
  array (
    0 => 'api',
    1 => 'News',
    2 => 'new_list',
  ),
)
[ info ] [ HEADER ] array (
  'host' => 'www.php.cc',
  'connection' => 'keep-alive',
  'pragma' => 'no-cache',
  'cache-control' => 'no-cache',
  'accept' => 'application/json, text/plain, */*',
  'origin' => 'http://localhost:8080',
  'user-agent' => 'Mozilla/5.0 (iPhone; CPU iPhone OS 11_0 like Mac OS X) AppleWebKit/604.1.38 (KHTML, like Gecko) Version/11.0 Mobile/15A372 Safari/604.1',
  'referer' => 'http://localhost:8080/',
  'accept-encoding' => 'gzip, deflate',
  'accept-language' => 'zh-CN,zh;q=0.9',
)
[ info ] [ PARAM ] array (
  'type' => '0',
  'page' => '10',
)
[ info ] [ RUN ] app\api\controller\News->new_list[ D:\web\sina\php\apps\api\controller\News.php ]
[ info ] [ LOG ] INIT File
---------------------------------------------------------------
[ 2018-04-11T14:42:50+08:00 ] 127.0.0.1 127.0.0.1 GET /index.php/api/News/new_list?type=0&page=10
[ info ] www.php.cc/index.php/api/News/new_list?type=0&page=10 [运行时间：0.223452s][吞吐率：4.48req/s] [内存消耗：1,504.16kb] [文件加载：43]
[ info ] [ LANG ] D:\web\sina\php\thinkphp\lang\zh-cn.php
[ info ] [ ROUTE ] array (
  'type' => 'module',
  'module' => 
  array (
    0 => 'api',
    1 => 'News',
    2 => 'new_list',
  ),
)
[ info ] [ HEADER ] array (
  'host' => 'www.php.cc',
  'connection' => 'keep-alive',
  'pragma' => 'no-cache',
  'cache-control' => 'no-cache',
  'accept' => 'application/json, text/plain, */*',
  'origin' => 'http://localhost:8080',
  'user-agent' => 'Mozilla/5.0 (iPhone; CPU iPhone OS 11_0 like Mac OS X) AppleWebKit/604.1.38 (KHTML, like Gecko) Version/11.0 Mobile/15A372 Safari/604.1',
  'referer' => 'http://localhost:8080/',
  'accept-encoding' => 'gzip, deflate',
  'accept-language' => 'zh-CN,zh;q=0.9',
)
[ info ] [ PARAM ] array (
  'type' => '0',
  'page' => '10',
)
[ info ] [ RUN ] app\api\controller\News->new_list[ D:\web\sina\php\apps\api\controller\News.php ]
[ info ] [ LOG ] INIT File
---------------------------------------------------------------
[ 2018-04-11T14:42:56+08:00 ] 127.0.0.1 127.0.0.1 GET /index.php/api/News/new_list?type=0&page=10
[ info ] www.php.cc/index.php/api/News/new_list?type=0&page=10 [运行时间：0.096580s][吞吐率：10.35req/s] [内存消耗：1,504.16kb] [文件加载：43]
[ info ] [ LANG ] D:\web\sina\php\thinkphp\lang\zh-cn.php
[ info ] [ ROUTE ] array (
  'type' => 'module',
  'module' => 
  array (
    0 => 'api',
    1 => 'News',
    2 => 'new_list',
  ),
)
[ info ] [ HEADER ] array (
  'host' => 'www.php.cc',
  'connection' => 'keep-alive',
  'pragma' => 'no-cache',
  'cache-control' => 'no-cache',
  'accept' => 'application/json, text/plain, */*',
  'origin' => 'http://localhost:8080',
  'user-agent' => 'Mozilla/5.0 (iPhone; CPU iPhone OS 11_0 like Mac OS X) AppleWebKit/604.1.38 (KHTML, like Gecko) Version/11.0 Mobile/15A372 Safari/604.1',
  'referer' => 'http://localhost:8080/',
  'accept-encoding' => 'gzip, deflate',
  'accept-language' => 'zh-CN,zh;q=0.9',
)
[ info ] [ PARAM ] array (
  'type' => '0',
  'page' => '10',
)
[ info ] [ RUN ] app\api\controller\News->new_list[ D:\web\sina\php\apps\api\controller\News.php ]
[ info ] [ LOG ] INIT File
---------------------------------------------------------------
[ 2018-04-11T14:43:33+08:00 ] 127.0.0.1 127.0.0.1 GET /index.php/api/News/new_list?type=0&page=10
[ info ] www.php.cc/index.php/api/News/new_list?type=0&page=10 [运行时间：0.277967s][吞吐率：3.60req/s] [内存消耗：1,504.16kb] [文件加载：43]
[ info ] [ LANG ] D:\web\sina\php\thinkphp\lang\zh-cn.php
[ info ] [ ROUTE ] array (
  'type' => 'module',
  'module' => 
  array (
    0 => 'api',
    1 => 'News',
    2 => 'new_list',
  ),
)
[ info ] [ HEADER ] array (
  'host' => 'www.php.cc',
  'connection' => 'keep-alive',
  'pragma' => 'no-cache',
  'cache-control' => 'no-cache',
  'accept' => 'application/json, text/plain, */*',
  'origin' => 'http://localhost:8080',
  'user-agent' => 'Mozilla/5.0 (iPhone; CPU iPhone OS 11_0 like Mac OS X) AppleWebKit/604.1.38 (KHTML, like Gecko) Version/11.0 Mobile/15A372 Safari/604.1',
  'referer' => 'http://localhost:8080/',
  'accept-encoding' => 'gzip, deflate',
  'accept-language' => 'zh-CN,zh;q=0.9',
)
[ info ] [ PARAM ] array (
  'type' => '0',
  'page' => '10',
)
[ info ] [ RUN ] app\api\controller\News->new_list[ D:\web\sina\php\apps\api\controller\News.php ]
[ info ] [ LOG ] INIT File
---------------------------------------------------------------
[ 2018-04-11T14:43:39+08:00 ] 127.0.0.1 127.0.0.1 GET /index.php/api/News/new_list?type=1&page=10
[ info ] www.php.cc/index.php/api/News/new_list?type=1&page=10 [运行时间：0.196184s][吞吐率：5.10req/s] [内存消耗：1,504.16kb] [文件加载：43]
[ info ] [ LANG ] D:\web\sina\php\thinkphp\lang\zh-cn.php
[ info ] [ ROUTE ] array (
  'type' => 'module',
  'module' => 
  array (
    0 => 'api',
    1 => 'News',
    2 => 'new_list',
  ),
)
[ info ] [ HEADER ] array (
  'host' => 'www.php.cc',
  'connection' => 'keep-alive',
  'pragma' => 'no-cache',
  'cache-control' => 'no-cache',
  'accept' => 'application/json, text/plain, */*',
  'origin' => 'http://localhost:8080',
  'user-agent' => 'Mozilla/5.0 (iPhone; CPU iPhone OS 11_0 like Mac OS X) AppleWebKit/604.1.38 (KHTML, like Gecko) Version/11.0 Mobile/15A372 Safari/604.1',
  'referer' => 'http://localhost:8080/',
  'accept-encoding' => 'gzip, deflate',
  'accept-language' => 'zh-CN,zh;q=0.9',
)
[ info ] [ PARAM ] array (
  'type' => '1',
  'page' => '10',
)
[ info ] [ RUN ] app\api\controller\News->new_list[ D:\web\sina\php\apps\api\controller\News.php ]
[ info ] [ LOG ] INIT File
---------------------------------------------------------------
[ 2018-04-11T14:43:39+08:00 ] 127.0.0.1 127.0.0.1 GET /index.php/api/News/new_list?type=0&page=10
[ info ] www.php.cc/index.php/api/News/new_list?type=0&page=10 [运行时间：0.101475s][吞吐率：9.85req/s] [内存消耗：1,504.16kb] [文件加载：43]
[ info ] [ LANG ] D:\web\sina\php\thinkphp\lang\zh-cn.php
[ info ] [ ROUTE ] array (
  'type' => 'module',
  'module' => 
  array (
    0 => 'api',
    1 => 'News',
    2 => 'new_list',
  ),
)
[ info ] [ HEADER ] array (
  'host' => 'www.php.cc',
  'connection' => 'keep-alive',
  'pragma' => 'no-cache',
  'cache-control' => 'no-cache',
  'accept' => 'application/json, text/plain, */*',
  'origin' => 'http://localhost:8080',
  'user-agent' => 'Mozilla/5.0 (iPhone; CPU iPhone OS 11_0 like Mac OS X) AppleWebKit/604.1.38 (KHTML, like Gecko) Version/11.0 Mobile/15A372 Safari/604.1',
  'referer' => 'http://localhost:8080/',
  'accept-encoding' => 'gzip, deflate',
  'accept-language' => 'zh-CN,zh;q=0.9',
)
[ info ] [ PARAM ] array (
  'type' => '0',
  'page' => '10',
)
[ info ] [ RUN ] app\api\controller\News->new_list[ D:\web\sina\php\apps\api\controller\News.php ]
[ info ] [ LOG ] INIT File
---------------------------------------------------------------
[ 2018-04-11T14:43:41+08:00 ] 127.0.0.1 127.0.0.1 GET /index.php/api/News/new_list?type=1&page=10
[ info ] www.php.cc/index.php/api/News/new_list?type=1&page=10 [运行时间：0.600434s][吞吐率：1.67req/s] [内存消耗：1,504.16kb] [文件加载：43]
[ info ] [ LANG ] D:\web\sina\php\thinkphp\lang\zh-cn.php
[ info ] [ ROUTE ] array (
  'type' => 'module',
  'module' => 
  array (
    0 => 'api',
    1 => 'News',
    2 => 'new_list',
  ),
)
[ info ] [ HEADER ] array (
  'host' => 'www.php.cc',
  'connection' => 'keep-alive',
  'pragma' => 'no-cache',
  'cache-control' => 'no-cache',
  'accept' => 'application/json, text/plain, */*',
  'origin' => 'http://localhost:8080',
  'user-agent' => 'Mozilla/5.0 (iPhone; CPU iPhone OS 11_0 like Mac OS X) AppleWebKit/604.1.38 (KHTML, like Gecko) Version/11.0 Mobile/15A372 Safari/604.1',
  'referer' => 'http://localhost:8080/',
  'accept-encoding' => 'gzip, deflate',
  'accept-language' => 'zh-CN,zh;q=0.9',
)
[ info ] [ PARAM ] array (
  'type' => '1',
  'page' => '10',
)
[ info ] [ RUN ] app\api\controller\News->new_list[ D:\web\sina\php\apps\api\controller\News.php ]
[ info ] [ LOG ] INIT File
---------------------------------------------------------------
[ 2018-04-11T14:43:41+08:00 ] 127.0.0.1 127.0.0.1 GET /index.php/api/News/new_list?type=2&page=10
[ info ] www.php.cc/index.php/api/News/new_list?type=2&page=10 [运行时间：0.274277s][吞吐率：3.65req/s] [内存消耗：1,504.16kb] [文件加载：43]
[ info ] [ LANG ] D:\web\sina\php\thinkphp\lang\zh-cn.php
[ info ] [ ROUTE ] array (
  'type' => 'module',
  'module' => 
  array (
    0 => 'api',
    1 => 'News',
    2 => 'new_list',
  ),
)
[ info ] [ HEADER ] array (
  'host' => 'www.php.cc',
  'connection' => 'keep-alive',
  'pragma' => 'no-cache',
  'cache-control' => 'no-cache',
  'accept' => 'application/json, text/plain, */*',
  'origin' => 'http://localhost:8080',
  'user-agent' => 'Mozilla/5.0 (iPhone; CPU iPhone OS 11_0 like Mac OS X) AppleWebKit/604.1.38 (KHTML, like Gecko) Version/11.0 Mobile/15A372 Safari/604.1',
  'referer' => 'http://localhost:8080/',
  'accept-encoding' => 'gzip, deflate',
  'accept-language' => 'zh-CN,zh;q=0.9',
)
[ info ] [ PARAM ] array (
  'type' => '2',
  'page' => '10',
)
[ info ] [ RUN ] app\api\controller\News->new_list[ D:\web\sina\php\apps\api\controller\News.php ]
[ info ] [ LOG ] INIT File
---------------------------------------------------------------
[ 2018-04-11T14:43:42+08:00 ] 127.0.0.1 127.0.0.1 GET /index.php/api/News/new_list?type=0&page=10
[ info ] www.php.cc/index.php/api/News/new_list?type=0&page=10 [运行时间：0.200349s][吞吐率：4.99req/s] [内存消耗：1,504.16kb] [文件加载：43]
[ info ] [ LANG ] D:\web\sina\php\thinkphp\lang\zh-cn.php
[ info ] [ ROUTE ] array (
  'type' => 'module',
  'module' => 
  array (
    0 => 'api',
    1 => 'News',
    2 => 'new_list',
  ),
)
[ info ] [ HEADER ] array (
  'host' => 'www.php.cc',
  'connection' => 'keep-alive',
  'pragma' => 'no-cache',
  'cache-control' => 'no-cache',
  'accept' => 'application/json, text/plain, */*',
  'origin' => 'http://localhost:8080',
  'user-agent' => 'Mozilla/5.0 (iPhone; CPU iPhone OS 11_0 like Mac OS X) AppleWebKit/604.1.38 (KHTML, like Gecko) Version/11.0 Mobile/15A372 Safari/604.1',
  'referer' => 'http://localhost:8080/',
  'accept-encoding' => 'gzip, deflate',
  'accept-language' => 'zh-CN,zh;q=0.9',
)
[ info ] [ PARAM ] array (
  'type' => '0',
  'page' => '10',
)
[ info ] [ RUN ] app\api\controller\News->new_list[ D:\web\sina\php\apps\api\controller\News.php ]
[ info ] [ LOG ] INIT File
---------------------------------------------------------------
[ 2018-04-11T14:43:57+08:00 ] 127.0.0.1 127.0.0.1 GET /index.php/api/News/new_list?type=0&page=10
[ info ] www.php.cc/index.php/api/News/new_list?type=0&page=10 [运行时间：0.465953s][吞吐率：2.15req/s] [内存消耗：1,504.16kb] [文件加载：43]
[ info ] [ LANG ] D:\web\sina\php\thinkphp\lang\zh-cn.php
[ info ] [ ROUTE ] array (
  'type' => 'module',
  'module' => 
  array (
    0 => 'api',
    1 => 'News',
    2 => 'new_list',
  ),
)
[ info ] [ HEADER ] array (
  'host' => 'www.php.cc',
  'connection' => 'keep-alive',
  'pragma' => 'no-cache',
  'cache-control' => 'no-cache',
  'accept' => 'application/json, text/plain, */*',
  'origin' => 'http://localhost:8080',
  'user-agent' => 'Mozilla/5.0 (iPhone; CPU iPhone OS 11_0 like Mac OS X) AppleWebKit/604.1.38 (KHTML, like Gecko) Version/11.0 Mobile/15A372 Safari/604.1',
  'referer' => 'http://localhost:8080/',
  'accept-encoding' => 'gzip, deflate',
  'accept-language' => 'zh-CN,zh;q=0.9',
)
[ info ] [ PARAM ] array (
  'type' => '0',
  'page' => '10',
)
[ info ] [ RUN ] app\api\controller\News->new_list[ D:\web\sina\php\apps\api\controller\News.php ]
[ info ] [ LOG ] INIT File
---------------------------------------------------------------
[ 2018-04-11T14:44:15+08:00 ] 127.0.0.1 127.0.0.1 GET /index.php/api/News/new_list?type=0&page=10
[ info ] www.php.cc/index.php/api/News/new_list?type=0&page=10 [运行时间：0.212567s][吞吐率：4.70req/s] [内存消耗：1,504.16kb] [文件加载：43]
[ info ] [ LANG ] D:\web\sina\php\thinkphp\lang\zh-cn.php
[ info ] [ ROUTE ] array (
  'type' => 'module',
  'module' => 
  array (
    0 => 'api',
    1 => 'News',
    2 => 'new_list',
  ),
)
[ info ] [ HEADER ] array (
  'host' => 'www.php.cc',
  'connection' => 'keep-alive',
  'pragma' => 'no-cache',
  'cache-control' => 'no-cache',
  'accept' => 'application/json, text/plain, */*',
  'origin' => 'http://localhost:8080',
  'user-agent' => 'Mozilla/5.0 (iPhone; CPU iPhone OS 11_0 like Mac OS X) AppleWebKit/604.1.38 (KHTML, like Gecko) Version/11.0 Mobile/15A372 Safari/604.1',
  'referer' => 'http://localhost:8080/',
  'accept-encoding' => 'gzip, deflate',
  'accept-language' => 'zh-CN,zh;q=0.9',
)
[ info ] [ PARAM ] array (
  'type' => '0',
  'page' => '10',
)
[ info ] [ RUN ] app\api\controller\News->new_list[ D:\web\sina\php\apps\api\controller\News.php ]
[ info ] [ LOG ] INIT File
---------------------------------------------------------------
[ 2018-04-11T14:44:29+08:00 ] 127.0.0.1 127.0.0.1 GET /index.php/api/News/new_list?type=0&page=10
[ info ] www.php.cc/index.php/api/News/new_list?type=0&page=10 [运行时间：0.116495s][吞吐率：8.58req/s] [内存消耗：1,504.16kb] [文件加载：43]
[ info ] [ LANG ] D:\web\sina\php\thinkphp\lang\zh-cn.php
[ info ] [ ROUTE ] array (
  'type' => 'module',
  'module' => 
  array (
    0 => 'api',
    1 => 'News',
    2 => 'new_list',
  ),
)
[ info ] [ HEADER ] array (
  'host' => 'www.php.cc',
  'connection' => 'keep-alive',
  'pragma' => 'no-cache',
  'cache-control' => 'no-cache',
  'accept' => 'application/json, text/plain, */*',
  'origin' => 'http://localhost:8080',
  'user-agent' => 'Mozilla/5.0 (iPhone; CPU iPhone OS 11_0 like Mac OS X) AppleWebKit/604.1.38 (KHTML, like Gecko) Version/11.0 Mobile/15A372 Safari/604.1',
  'referer' => 'http://localhost:8080/',
  'accept-encoding' => 'gzip, deflate',
  'accept-language' => 'zh-CN,zh;q=0.9',
)
[ info ] [ PARAM ] array (
  'type' => '0',
  'page' => '10',
)
[ info ] [ RUN ] app\api\controller\News->new_list[ D:\web\sina\php\apps\api\controller\News.php ]
[ info ] [ LOG ] INIT File
---------------------------------------------------------------
[ 2018-04-11T14:47:31+08:00 ] 127.0.0.1 127.0.0.1 GET /index.php/api/News/new_list?type=0&page=10
[ info ] www.php.cc/index.php/api/News/new_list?type=0&page=10 [运行时间：0.688604s][吞吐率：1.45req/s] [内存消耗：1,504.16kb] [文件加载：43]
[ info ] [ LANG ] D:\web\sina\php\thinkphp\lang\zh-cn.php
[ info ] [ ROUTE ] array (
  'type' => 'module',
  'module' => 
  array (
    0 => 'api',
    1 => 'News',
    2 => 'new_list',
  ),
)
[ info ] [ HEADER ] array (
  'host' => 'www.php.cc',
  'connection' => 'keep-alive',
  'pragma' => 'no-cache',
  'cache-control' => 'no-cache',
  'accept' => 'application/json, text/plain, */*',
  'origin' => 'http://localhost:8080',
  'user-agent' => 'Mozilla/5.0 (iPhone; CPU iPhone OS 11_0 like Mac OS X) AppleWebKit/604.1.38 (KHTML, like Gecko) Version/11.0 Mobile/15A372 Safari/604.1',
  'referer' => 'http://localhost:8080/',
  'accept-encoding' => 'gzip, deflate',
  'accept-language' => 'zh-CN,zh;q=0.9',
)
[ info ] [ PARAM ] array (
  'type' => '0',
  'page' => '10',
)
[ info ] [ RUN ] app\api\controller\News->new_list[ D:\web\sina\php\apps\api\controller\News.php ]
[ info ] [ LOG ] INIT File
---------------------------------------------------------------
[ 2018-04-11T14:49:13+08:00 ] 127.0.0.1 127.0.0.1 GET /index.php/api/News/new_list?type=0&page=10
[ info ] www.php.cc/index.php/api/News/new_list?type=0&page=10 [运行时间：0.286778s][吞吐率：3.49req/s] [内存消耗：1,504.16kb] [文件加载：43]
[ info ] [ LANG ] D:\web\sina\php\thinkphp\lang\zh-cn.php
[ info ] [ ROUTE ] array (
  'type' => 'module',
  'module' => 
  array (
    0 => 'api',
    1 => 'News',
    2 => 'new_list',
  ),
)
[ info ] [ HEADER ] array (
  'host' => 'www.php.cc',
  'connection' => 'keep-alive',
  'pragma' => 'no-cache',
  'cache-control' => 'no-cache',
  'accept' => 'application/json, text/plain, */*',
  'origin' => 'http://localhost:8080',
  'user-agent' => 'Mozilla/5.0 (iPhone; CPU iPhone OS 11_0 like Mac OS X) AppleWebKit/604.1.38 (KHTML, like Gecko) Version/11.0 Mobile/15A372 Safari/604.1',
  'referer' => 'http://localhost:8080/',
  'accept-encoding' => 'gzip, deflate',
  'accept-language' => 'zh-CN,zh;q=0.9',
)
[ info ] [ PARAM ] array (
  'type' => '0',
  'page' => '10',
)
[ info ] [ RUN ] app\api\controller\News->new_list[ D:\web\sina\php\apps\api\controller\News.php ]
[ info ] [ LOG ] INIT File
---------------------------------------------------------------
[ 2018-04-11T14:49:26+08:00 ] 127.0.0.1 127.0.0.1 GET /index.php/api/News/new_list?type=1&page=10
[ info ] www.php.cc/index.php/api/News/new_list?type=1&page=10 [运行时间：0.275949s][吞吐率：3.62req/s] [内存消耗：1,504.16kb] [文件加载：43]
[ info ] [ LANG ] D:\web\sina\php\thinkphp\lang\zh-cn.php
[ info ] [ ROUTE ] array (
  'type' => 'module',
  'module' => 
  array (
    0 => 'api',
    1 => 'News',
    2 => 'new_list',
  ),
)
[ info ] [ HEADER ] array (
  'host' => 'www.php.cc',
  'connection' => 'keep-alive',
  'pragma' => 'no-cache',
  'cache-control' => 'no-cache',
  'accept' => 'application/json, text/plain, */*',
  'origin' => 'http://localhost:8080',
  'user-agent' => 'Mozilla/5.0 (iPhone; CPU iPhone OS 11_0 like Mac OS X) AppleWebKit/604.1.38 (KHTML, like Gecko) Version/11.0 Mobile/15A372 Safari/604.1',
  'referer' => 'http://localhost:8080/',
  'accept-encoding' => 'gzip, deflate',
  'accept-language' => 'zh-CN,zh;q=0.9',
)
[ info ] [ PARAM ] array (
  'type' => '1',
  'page' => '10',
)
[ info ] [ RUN ] app\api\controller\News->new_list[ D:\web\sina\php\apps\api\controller\News.php ]
[ info ] [ LOG ] INIT File
---------------------------------------------------------------
[ 2018-04-11T14:49:26+08:00 ] 127.0.0.1 127.0.0.1 GET /index.php/api/News/new_list?type=1&page=10
[ info ] www.php.cc/index.php/api/News/new_list?type=1&page=10 [运行时间：0.237494s][吞吐率：4.21req/s] [内存消耗：1,504.16kb] [文件加载：43]
[ info ] [ LANG ] D:\web\sina\php\thinkphp\lang\zh-cn.php
[ info ] [ ROUTE ] array (
  'type' => 'module',
  'module' => 
  array (
    0 => 'api',
    1 => 'News',
    2 => 'new_list',
  ),
)
[ info ] [ HEADER ] array (
  'host' => 'www.php.cc',
  'connection' => 'keep-alive',
  'pragma' => 'no-cache',
  'cache-control' => 'no-cache',
  'accept' => 'application/json, text/plain, */*',
  'origin' => 'http://localhost:8080',
  'user-agent' => 'Mozilla/5.0 (iPhone; CPU iPhone OS 11_0 like Mac OS X) AppleWebKit/604.1.38 (KHTML, like Gecko) Version/11.0 Mobile/15A372 Safari/604.1',
  'referer' => 'http://localhost:8080/',
  'accept-encoding' => 'gzip, deflate',
  'accept-language' => 'zh-CN,zh;q=0.9',
)
[ info ] [ PARAM ] array (
  'type' => '1',
  'page' => '10',
)
[ info ] [ RUN ] app\api\controller\News->new_list[ D:\web\sina\php\apps\api\controller\News.php ]
[ info ] [ LOG ] INIT File
---------------------------------------------------------------
[ 2018-04-11T14:49:27+08:00 ] 127.0.0.1 127.0.0.1 GET /index.php/api/News/new_list?type=2&page=10
[ info ] www.php.cc/index.php/api/News/new_list?type=2&page=10 [运行时间：0.400216s][吞吐率：2.50req/s] [内存消耗：1,504.16kb] [文件加载：43]
[ info ] [ LANG ] D:\web\sina\php\thinkphp\lang\zh-cn.php
[ info ] [ ROUTE ] array (
  'type' => 'module',
  'module' => 
  array (
    0 => 'api',
    1 => 'News',
    2 => 'new_list',
  ),
)
[ info ] [ HEADER ] array (
  'host' => 'www.php.cc',
  'connection' => 'keep-alive',
  'pragma' => 'no-cache',
  'cache-control' => 'no-cache',
  'accept' => 'application/json, text/plain, */*',
  'origin' => 'http://localhost:8080',
  'user-agent' => 'Mozilla/5.0 (iPhone; CPU iPhone OS 11_0 like Mac OS X) AppleWebKit/604.1.38 (KHTML, like Gecko) Version/11.0 Mobile/15A372 Safari/604.1',
  'referer' => 'http://localhost:8080/',
  'accept-encoding' => 'gzip, deflate',
  'accept-language' => 'zh-CN,zh;q=0.9',
)
[ info ] [ PARAM ] array (
  'type' => '2',
  'page' => '10',
)
[ info ] [ RUN ] app\api\controller\News->new_list[ D:\web\sina\php\apps\api\controller\News.php ]
[ info ] [ LOG ] INIT File
---------------------------------------------------------------
[ 2018-04-11T14:51:26+08:00 ] 127.0.0.1 127.0.0.1 GET /index.php/api/News/new_list?type=0&page=10
[ info ] www.php.cc/index.php/api/News/new_list?type=0&page=10 [运行时间：0.338196s][吞吐率：2.96req/s] [内存消耗：1,504.16kb] [文件加载：43]
[ info ] [ LANG ] D:\web\sina\php\thinkphp\lang\zh-cn.php
[ info ] [ ROUTE ] array (
  'type' => 'module',
  'module' => 
  array (
    0 => 'api',
    1 => 'News',
    2 => 'new_list',
  ),
)
[ info ] [ HEADER ] array (
  'host' => 'www.php.cc',
  'connection' => 'keep-alive',
  'pragma' => 'no-cache',
  'cache-control' => 'no-cache',
  'accept' => 'application/json, text/plain, */*',
  'origin' => 'http://localhost:8080',
  'user-agent' => 'Mozilla/5.0 (iPhone; CPU iPhone OS 11_0 like Mac OS X) AppleWebKit/604.1.38 (KHTML, like Gecko) Version/11.0 Mobile/15A372 Safari/604.1',
  'referer' => 'http://localhost:8080/',
  'accept-encoding' => 'gzip, deflate',
  'accept-language' => 'zh-CN,zh;q=0.9',
)
[ info ] [ PARAM ] array (
  'type' => '0',
  'page' => '10',
)
[ info ] [ RUN ] app\api\controller\News->new_list[ D:\web\sina\php\apps\api\controller\News.php ]
[ info ] [ LOG ] INIT File
---------------------------------------------------------------
[ 2018-04-11T14:51:29+08:00 ] 127.0.0.1 127.0.0.1 GET /index.php/api/News/new_list?type=0&page=10
[ info ] www.php.cc/index.php/api/News/new_list?type=0&page=10 [运行时间：0.097736s][吞吐率：10.23req/s] [内存消耗：1,504.16kb] [文件加载：43]
[ info ] [ LANG ] D:\web\sina\php\thinkphp\lang\zh-cn.php
[ info ] [ ROUTE ] array (
  'type' => 'module',
  'module' => 
  array (
    0 => 'api',
    1 => 'News',
    2 => 'new_list',
  ),
)
[ info ] [ HEADER ] array (
  'host' => 'www.php.cc',
  'connection' => 'keep-alive',
  'pragma' => 'no-cache',
  'cache-control' => 'no-cache',
  'accept' => 'application/json, text/plain, */*',
  'origin' => 'http://localhost:8080',
  'user-agent' => 'Mozilla/5.0 (iPhone; CPU iPhone OS 11_0 like Mac OS X) AppleWebKit/604.1.38 (KHTML, like Gecko) Version/11.0 Mobile/15A372 Safari/604.1',
  'referer' => 'http://localhost:8080/',
  'accept-encoding' => 'gzip, deflate',
  'accept-language' => 'zh-CN,zh;q=0.9',
)
[ info ] [ PARAM ] array (
  'type' => '0',
  'page' => '10',
)
[ info ] [ RUN ] app\api\controller\News->new_list[ D:\web\sina\php\apps\api\controller\News.php ]
[ info ] [ LOG ] INIT File
---------------------------------------------------------------
[ 2018-04-11T14:51:47+08:00 ] 127.0.0.1 127.0.0.1 GET /index.php/api/News/new_list?type=0&page=10
[ info ] www.php.cc/index.php/api/News/new_list?type=0&page=10 [运行时间：0.228060s][吞吐率：4.38req/s] [内存消耗：1,504.16kb] [文件加载：43]
[ info ] [ LANG ] D:\web\sina\php\thinkphp\lang\zh-cn.php
[ info ] [ ROUTE ] array (
  'type' => 'module',
  'module' => 
  array (
    0 => 'api',
    1 => 'News',
    2 => 'new_list',
  ),
)
[ info ] [ HEADER ] array (
  'host' => 'www.php.cc',
  'connection' => 'keep-alive',
  'pragma' => 'no-cache',
  'cache-control' => 'no-cache',
  'accept' => 'application/json, text/plain, */*',
  'origin' => 'http://localhost:8080',
  'user-agent' => 'Mozilla/5.0 (iPhone; CPU iPhone OS 11_0 like Mac OS X) AppleWebKit/604.1.38 (KHTML, like Gecko) Version/11.0 Mobile/15A372 Safari/604.1',
  'referer' => 'http://localhost:8080/',
  'accept-encoding' => 'gzip, deflate',
  'accept-language' => 'zh-CN,zh;q=0.9',
)
[ info ] [ PARAM ] array (
  'type' => '0',
  'page' => '10',
)
[ info ] [ RUN ] app\api\controller\News->new_list[ D:\web\sina\php\apps\api\controller\News.php ]
[ info ] [ LOG ] INIT File
---------------------------------------------------------------
[ 2018-04-11T14:51:50+08:00 ] 127.0.0.1 127.0.0.1 GET /index.php/api/News/new_list?type=1&page=10
[ info ] www.php.cc/index.php/api/News/new_list?type=1&page=10 [运行时间：0.170608s][吞吐率：5.86req/s] [内存消耗：1,504.16kb] [文件加载：43]
[ info ] [ LANG ] D:\web\sina\php\thinkphp\lang\zh-cn.php
[ info ] [ ROUTE ] array (
  'type' => 'module',
  'module' => 
  array (
    0 => 'api',
    1 => 'News',
    2 => 'new_list',
  ),
)
[ info ] [ HEADER ] array (
  'host' => 'www.php.cc',
  'connection' => 'keep-alive',
  'pragma' => 'no-cache',
  'cache-control' => 'no-cache',
  'accept' => 'application/json, text/plain, */*',
  'origin' => 'http://localhost:8080',
  'user-agent' => 'Mozilla/5.0 (iPhone; CPU iPhone OS 11_0 like Mac OS X) AppleWebKit/604.1.38 (KHTML, like Gecko) Version/11.0 Mobile/15A372 Safari/604.1',
  'referer' => 'http://localhost:8080/',
  'accept-encoding' => 'gzip, deflate',
  'accept-language' => 'zh-CN,zh;q=0.9',
)
[ info ] [ PARAM ] array (
  'type' => '1',
  'page' => '10',
)
[ info ] [ RUN ] app\api\controller\News->new_list[ D:\web\sina\php\apps\api\controller\News.php ]
[ info ] [ LOG ] INIT File
---------------------------------------------------------------
[ 2018-04-11T14:52:02+08:00 ] 127.0.0.1 127.0.0.1 GET /index.php/api/News/new_list?type=0&page=10
[ info ] www.php.cc/index.php/api/News/new_list?type=0&page=10 [运行时间：0.473689s][吞吐率：2.11req/s] [内存消耗：1,504.16kb] [文件加载：43]
[ info ] [ LANG ] D:\web\sina\php\thinkphp\lang\zh-cn.php
[ info ] [ ROUTE ] array (
  'type' => 'module',
  'module' => 
  array (
    0 => 'api',
    1 => 'News',
    2 => 'new_list',
  ),
)
[ info ] [ HEADER ] array (
  'host' => 'www.php.cc',
  'connection' => 'keep-alive',
  'pragma' => 'no-cache',
  'cache-control' => 'no-cache',
  'accept' => 'application/json, text/plain, */*',
  'origin' => 'http://localhost:8080',
  'user-agent' => 'Mozilla/5.0 (iPhone; CPU iPhone OS 11_0 like Mac OS X) AppleWebKit/604.1.38 (KHTML, like Gecko) Version/11.0 Mobile/15A372 Safari/604.1',
  'referer' => 'http://localhost:8080/',
  'accept-encoding' => 'gzip, deflate',
  'accept-language' => 'zh-CN,zh;q=0.9',
)
[ info ] [ PARAM ] array (
  'type' => '0',
  'page' => '10',
)
[ info ] [ RUN ] app\api\controller\News->new_list[ D:\web\sina\php\apps\api\controller\News.php ]
[ info ] [ LOG ] INIT File
---------------------------------------------------------------
[ 2018-04-11T14:52:03+08:00 ] 127.0.0.1 127.0.0.1 GET /index.php/api/News/new_list?type=1&page=10
[ info ] www.php.cc/index.php/api/News/new_list?type=1&page=10 [运行时间：0.154554s][吞吐率：6.47req/s] [内存消耗：1,504.16kb] [文件加载：43]
[ info ] [ LANG ] D:\web\sina\php\thinkphp\lang\zh-cn.php
[ info ] [ ROUTE ] array (
  'type' => 'module',
  'module' => 
  array (
    0 => 'api',
    1 => 'News',
    2 => 'new_list',
  ),
)
[ info ] [ HEADER ] array (
  'host' => 'www.php.cc',
  'connection' => 'keep-alive',
  'pragma' => 'no-cache',
  'cache-control' => 'no-cache',
  'accept' => 'application/json, text/plain, */*',
  'origin' => 'http://localhost:8080',
  'user-agent' => 'Mozilla/5.0 (iPhone; CPU iPhone OS 11_0 like Mac OS X) AppleWebKit/604.1.38 (KHTML, like Gecko) Version/11.0 Mobile/15A372 Safari/604.1',
  'referer' => 'http://localhost:8080/',
  'accept-encoding' => 'gzip, deflate',
  'accept-language' => 'zh-CN,zh;q=0.9',
)
[ info ] [ PARAM ] array (
  'type' => '1',
  'page' => '10',
)
[ info ] [ RUN ] app\api\controller\News->new_list[ D:\web\sina\php\apps\api\controller\News.php ]
[ info ] [ LOG ] INIT File
---------------------------------------------------------------
[ 2018-04-11T14:52:04+08:00 ] 127.0.0.1 127.0.0.1 GET /index.php/api/News/new_list?type=2&page=10
[ info ] www.php.cc/index.php/api/News/new_list?type=2&page=10 [运行时间：0.221994s][吞吐率：4.50req/s] [内存消耗：1,504.16kb] [文件加载：43]
[ info ] [ LANG ] D:\web\sina\php\thinkphp\lang\zh-cn.php
[ info ] [ ROUTE ] array (
  'type' => 'module',
  'module' => 
  array (
    0 => 'api',
    1 => 'News',
    2 => 'new_list',
  ),
)
[ info ] [ HEADER ] array (
  'host' => 'www.php.cc',
  'connection' => 'keep-alive',
  'pragma' => 'no-cache',
  'cache-control' => 'no-cache',
  'accept' => 'application/json, text/plain, */*',
  'origin' => 'http://localhost:8080',
  'user-agent' => 'Mozilla/5.0 (iPhone; CPU iPhone OS 11_0 like Mac OS X) AppleWebKit/604.1.38 (KHTML, like Gecko) Version/11.0 Mobile/15A372 Safari/604.1',
  'referer' => 'http://localhost:8080/',
  'accept-encoding' => 'gzip, deflate',
  'accept-language' => 'zh-CN,zh;q=0.9',
)
[ info ] [ PARAM ] array (
  'type' => '2',
  'page' => '10',
)
[ info ] [ RUN ] app\api\controller\News->new_list[ D:\web\sina\php\apps\api\controller\News.php ]
[ info ] [ LOG ] INIT File
---------------------------------------------------------------
[ 2018-04-11T14:52:04+08:00 ] 127.0.0.1 127.0.0.1 GET /index.php/api/News/new_list?type=3&page=10
[ info ] www.php.cc/index.php/api/News/new_list?type=3&page=10 [运行时间：0.226485s][吞吐率：4.42req/s] [内存消耗：1,504.16kb] [文件加载：43]
[ info ] [ LANG ] D:\web\sina\php\thinkphp\lang\zh-cn.php
[ info ] [ ROUTE ] array (
  'type' => 'module',
  'module' => 
  array (
    0 => 'api',
    1 => 'News',
    2 => 'new_list',
  ),
)
[ info ] [ HEADER ] array (
  'host' => 'www.php.cc',
  'connection' => 'keep-alive',
  'pragma' => 'no-cache',
  'cache-control' => 'no-cache',
  'accept' => 'application/json, text/plain, */*',
  'origin' => 'http://localhost:8080',
  'user-agent' => 'Mozilla/5.0 (iPhone; CPU iPhone OS 11_0 like Mac OS X) AppleWebKit/604.1.38 (KHTML, like Gecko) Version/11.0 Mobile/15A372 Safari/604.1',
  'referer' => 'http://localhost:8080/',
  'accept-encoding' => 'gzip, deflate',
  'accept-language' => 'zh-CN,zh;q=0.9',
)
[ info ] [ PARAM ] array (
  'type' => '3',
  'page' => '10',
)
[ info ] [ RUN ] app\api\controller\News->new_list[ D:\web\sina\php\apps\api\controller\News.php ]
[ info ] [ LOG ] INIT File
---------------------------------------------------------------
[ 2018-04-11T14:52:05+08:00 ] 127.0.0.1 127.0.0.1 GET /index.php/api/News/new_list?type=4&page=10
[ info ] www.php.cc/index.php/api/News/new_list?type=4&page=10 [运行时间：0.204674s][吞吐率：4.89req/s] [内存消耗：1,504.16kb] [文件加载：43]
[ info ] [ LANG ] D:\web\sina\php\thinkphp\lang\zh-cn.php
[ info ] [ ROUTE ] array (
  'type' => 'module',
  'module' => 
  array (
    0 => 'api',
    1 => 'News',
    2 => 'new_list',
  ),
)
[ info ] [ HEADER ] array (
  'host' => 'www.php.cc',
  'connection' => 'keep-alive',
  'pragma' => 'no-cache',
  'cache-control' => 'no-cache',
  'accept' => 'application/json, text/plain, */*',
  'origin' => 'http://localhost:8080',
  'user-agent' => 'Mozilla/5.0 (iPhone; CPU iPhone OS 11_0 like Mac OS X) AppleWebKit/604.1.38 (KHTML, like Gecko) Version/11.0 Mobile/15A372 Safari/604.1',
  'referer' => 'http://localhost:8080/',
  'accept-encoding' => 'gzip, deflate',
  'accept-language' => 'zh-CN,zh;q=0.9',
)
[ info ] [ PARAM ] array (
  'type' => '4',
  'page' => '10',
)
[ info ] [ RUN ] app\api\controller\News->new_list[ D:\web\sina\php\apps\api\controller\News.php ]
[ info ] [ LOG ] INIT File
---------------------------------------------------------------
[ 2018-04-11T14:52:06+08:00 ] 127.0.0.1 127.0.0.1 GET /index.php/api/News/new_list?type=5&page=10
[ info ] www.php.cc/index.php/api/News/new_list?type=5&page=10 [运行时间：0.634708s][吞吐率：1.58req/s] [内存消耗：1,504.16kb] [文件加载：43]
[ info ] [ LANG ] D:\web\sina\php\thinkphp\lang\zh-cn.php
[ info ] [ ROUTE ] array (
  'type' => 'module',
  'module' => 
  array (
    0 => 'api',
    1 => 'News',
    2 => 'new_list',
  ),
)
[ info ] [ HEADER ] array (
  'host' => 'www.php.cc',
  'connection' => 'keep-alive',
  'pragma' => 'no-cache',
  'cache-control' => 'no-cache',
  'accept' => 'application/json, text/plain, */*',
  'origin' => 'http://localhost:8080',
  'user-agent' => 'Mozilla/5.0 (iPhone; CPU iPhone OS 11_0 like Mac OS X) AppleWebKit/604.1.38 (KHTML, like Gecko) Version/11.0 Mobile/15A372 Safari/604.1',
  'referer' => 'http://localhost:8080/',
  'accept-encoding' => 'gzip, deflate',
  'accept-language' => 'zh-CN,zh;q=0.9',
)
[ info ] [ PARAM ] array (
  'type' => '5',
  'page' => '10',
)
[ info ] [ RUN ] app\api\controller\News->new_list[ D:\web\sina\php\apps\api\controller\News.php ]
[ info ] [ LOG ] INIT File
---------------------------------------------------------------
[ 2018-04-11T14:52:06+08:00 ] 127.0.0.1 127.0.0.1 GET /index.php/api/News/new_list?type=6&page=10
[ info ] www.php.cc/index.php/api/News/new_list?type=6&page=10 [运行时间：0.254847s][吞吐率：3.92req/s] [内存消耗：1,504.16kb] [文件加载：43]
[ info ] [ LANG ] D:\web\sina\php\thinkphp\lang\zh-cn.php
[ info ] [ ROUTE ] array (
  'type' => 'module',
  'module' => 
  array (
    0 => 'api',
    1 => 'News',
    2 => 'new_list',
  ),
)
[ info ] [ HEADER ] array (
  'host' => 'www.php.cc',
  'connection' => 'keep-alive',
  'pragma' => 'no-cache',
  'cache-control' => 'no-cache',
  'accept' => 'application/json, text/plain, */*',
  'origin' => 'http://localhost:8080',
  'user-agent' => 'Mozilla/5.0 (iPhone; CPU iPhone OS 11_0 like Mac OS X) AppleWebKit/604.1.38 (KHTML, like Gecko) Version/11.0 Mobile/15A372 Safari/604.1',
  'referer' => 'http://localhost:8080/',
  'accept-encoding' => 'gzip, deflate',
  'accept-language' => 'zh-CN,zh;q=0.9',
)
[ info ] [ PARAM ] array (
  'type' => '6',
  'page' => '10',
)
[ info ] [ RUN ] app\api\controller\News->new_list[ D:\web\sina\php\apps\api\controller\News.php ]
[ info ] [ LOG ] INIT File
---------------------------------------------------------------
[ 2018-04-11T14:52:08+08:00 ] 127.0.0.1 127.0.0.1 GET /index.php/api/News/new_list?type=0&page=10
[ info ] www.php.cc/index.php/api/News/new_list?type=0&page=10 [运行时间：0.089269s][吞吐率：11.20req/s] [内存消耗：1,504.16kb] [文件加载：43]
[ info ] [ LANG ] D:\web\sina\php\thinkphp\lang\zh-cn.php
[ info ] [ ROUTE ] array (
  'type' => 'module',
  'module' => 
  array (
    0 => 'api',
    1 => 'News',
    2 => 'new_list',
  ),
)
[ info ] [ HEADER ] array (
  'host' => 'www.php.cc',
  'connection' => 'keep-alive',
  'pragma' => 'no-cache',
  'cache-control' => 'no-cache',
  'accept' => 'application/json, text/plain, */*',
  'origin' => 'http://localhost:8080',
  'user-agent' => 'Mozilla/5.0 (iPhone; CPU iPhone OS 11_0 like Mac OS X) AppleWebKit/604.1.38 (KHTML, like Gecko) Version/11.0 Mobile/15A372 Safari/604.1',
  'referer' => 'http://localhost:8080/',
  'accept-encoding' => 'gzip, deflate',
  'accept-language' => 'zh-CN,zh;q=0.9',
)
[ info ] [ PARAM ] array (
  'type' => '0',
  'page' => '10',
)
[ info ] [ RUN ] app\api\controller\News->new_list[ D:\web\sina\php\apps\api\controller\News.php ]
[ info ] [ LOG ] INIT File
---------------------------------------------------------------
[ 2018-04-11T14:52:08+08:00 ] 127.0.0.1 127.0.0.1 GET /index.php/api/News/new_list?type=1&page=10
[ info ] www.php.cc/index.php/api/News/new_list?type=1&page=10 [运行时间：0.236899s][吞吐率：4.22req/s] [内存消耗：1,504.16kb] [文件加载：43]
[ info ] [ LANG ] D:\web\sina\php\thinkphp\lang\zh-cn.php
[ info ] [ ROUTE ] array (
  'type' => 'module',
  'module' => 
  array (
    0 => 'api',
    1 => 'News',
    2 => 'new_list',
  ),
)
[ info ] [ HEADER ] array (
  'host' => 'www.php.cc',
  'connection' => 'keep-alive',
  'pragma' => 'no-cache',
  'cache-control' => 'no-cache',
  'accept' => 'application/json, text/plain, */*',
  'origin' => 'http://localhost:8080',
  'user-agent' => 'Mozilla/5.0 (iPhone; CPU iPhone OS 11_0 like Mac OS X) AppleWebKit/604.1.38 (KHTML, like Gecko) Version/11.0 Mobile/15A372 Safari/604.1',
  'referer' => 'http://localhost:8080/',
  'accept-encoding' => 'gzip, deflate',
  'accept-language' => 'zh-CN,zh;q=0.9',
)
[ info ] [ PARAM ] array (
  'type' => '1',
  'page' => '10',
)
[ info ] [ RUN ] app\api\controller\News->new_list[ D:\web\sina\php\apps\api\controller\News.php ]
[ info ] [ LOG ] INIT File
---------------------------------------------------------------
[ 2018-04-11T14:52:09+08:00 ] 127.0.0.1 127.0.0.1 GET /index.php/api/News/new_list?type=2&page=10
[ info ] www.php.cc/index.php/api/News/new_list?type=2&page=10 [运行时间：0.236147s][吞吐率：4.23req/s] [内存消耗：1,504.16kb] [文件加载：43]
[ info ] [ LANG ] D:\web\sina\php\thinkphp\lang\zh-cn.php
[ info ] [ ROUTE ] array (
  'type' => 'module',
  'module' => 
  array (
    0 => 'api',
    1 => 'News',
    2 => 'new_list',
  ),
)
[ info ] [ HEADER ] array (
  'host' => 'www.php.cc',
  'connection' => 'keep-alive',
  'pragma' => 'no-cache',
  'cache-control' => 'no-cache',
  'accept' => 'application/json, text/plain, */*',
  'origin' => 'http://localhost:8080',
  'user-agent' => 'Mozilla/5.0 (iPhone; CPU iPhone OS 11_0 like Mac OS X) AppleWebKit/604.1.38 (KHTML, like Gecko) Version/11.0 Mobile/15A372 Safari/604.1',
  'referer' => 'http://localhost:8080/',
  'accept-encoding' => 'gzip, deflate',
  'accept-language' => 'zh-CN,zh;q=0.9',
)
[ info ] [ PARAM ] array (
  'type' => '2',
  'page' => '10',
)
[ info ] [ RUN ] app\api\controller\News->new_list[ D:\web\sina\php\apps\api\controller\News.php ]
[ info ] [ LOG ] INIT File
---------------------------------------------------------------
[ 2018-04-11T14:52:09+08:00 ] 127.0.0.1 127.0.0.1 GET /index.php/api/News/new_list?type=0&page=10
[ info ] www.php.cc/index.php/api/News/new_list?type=0&page=10 [运行时间：0.089017s][吞吐率：11.23req/s] [内存消耗：1,504.16kb] [文件加载：43]
[ info ] [ LANG ] D:\web\sina\php\thinkphp\lang\zh-cn.php
[ info ] [ ROUTE ] array (
  'type' => 'module',
  'module' => 
  array (
    0 => 'api',
    1 => 'News',
    2 => 'new_list',
  ),
)
[ info ] [ HEADER ] array (
  'host' => 'www.php.cc',
  'connection' => 'keep-alive',
  'pragma' => 'no-cache',
  'cache-control' => 'no-cache',
  'accept' => 'application/json, text/plain, */*',
  'origin' => 'http://localhost:8080',
  'user-agent' => 'Mozilla/5.0 (iPhone; CPU iPhone OS 11_0 like Mac OS X) AppleWebKit/604.1.38 (KHTML, like Gecko) Version/11.0 Mobile/15A372 Safari/604.1',
  'referer' => 'http://localhost:8080/',
  'accept-encoding' => 'gzip, deflate',
  'accept-language' => 'zh-CN,zh;q=0.9',
)
[ info ] [ PARAM ] array (
  'type' => '0',
  'page' => '10',
)
[ info ] [ RUN ] app\api\controller\News->new_list[ D:\web\sina\php\apps\api\controller\News.php ]
[ info ] [ LOG ] INIT File
---------------------------------------------------------------
[ 2018-04-11T14:52:22+08:00 ] 127.0.0.1 127.0.0.1 GET /index.php/api/News/new_list?type=0&page=10
[ info ] www.php.cc/index.php/api/News/new_list?type=0&page=10 [运行时间：0.096800s][吞吐率：10.33req/s] [内存消耗：1,504.16kb] [文件加载：43]
[ info ] [ LANG ] D:\web\sina\php\thinkphp\lang\zh-cn.php
[ info ] [ ROUTE ] array (
  'type' => 'module',
  'module' => 
  array (
    0 => 'api',
    1 => 'News',
    2 => 'new_list',
  ),
)
[ info ] [ HEADER ] array (
  'host' => 'www.php.cc',
  'connection' => 'keep-alive',
  'pragma' => 'no-cache',
  'cache-control' => 'no-cache',
  'accept' => 'application/json, text/plain, */*',
  'origin' => 'http://localhost:8080',
  'user-agent' => 'Mozilla/5.0 (iPhone; CPU iPhone OS 11_0 like Mac OS X) AppleWebKit/604.1.38 (KHTML, like Gecko) Version/11.0 Mobile/15A372 Safari/604.1',
  'referer' => 'http://localhost:8080/',
  'accept-encoding' => 'gzip, deflate',
  'accept-language' => 'zh-CN,zh;q=0.9',
)
[ info ] [ PARAM ] array (
  'type' => '0',
  'page' => '10',
)
[ info ] [ RUN ] app\api\controller\News->new_list[ D:\web\sina\php\apps\api\controller\News.php ]
[ info ] [ LOG ] INIT File
---------------------------------------------------------------
[ 2018-04-11T14:52:31+08:00 ] 127.0.0.1 127.0.0.1 GET /index.php/api/News/new_list?type=0&page=10
[ info ] www.php.cc/index.php/api/News/new_list?type=0&page=10 [运行时间：0.099853s][吞吐率：10.01req/s] [内存消耗：1,504.16kb] [文件加载：43]
[ info ] [ LANG ] D:\web\sina\php\thinkphp\lang\zh-cn.php
[ info ] [ ROUTE ] array (
  'type' => 'module',
  'module' => 
  array (
    0 => 'api',
    1 => 'News',
    2 => 'new_list',
  ),
)
[ info ] [ HEADER ] array (
  'host' => 'www.php.cc',
  'connection' => 'keep-alive',
  'pragma' => 'no-cache',
  'cache-control' => 'no-cache',
  'accept' => 'application/json, text/plain, */*',
  'origin' => 'http://localhost:8080',
  'user-agent' => 'Mozilla/5.0 (iPhone; CPU iPhone OS 11_0 like Mac OS X) AppleWebKit/604.1.38 (KHTML, like Gecko) Version/11.0 Mobile/15A372 Safari/604.1',
  'referer' => 'http://localhost:8080/',
  'accept-encoding' => 'gzip, deflate',
  'accept-language' => 'zh-CN,zh;q=0.9',
)
[ info ] [ PARAM ] array (
  'type' => '0',
  'page' => '10',
)
[ info ] [ RUN ] app\api\controller\News->new_list[ D:\web\sina\php\apps\api\controller\News.php ]
[ info ] [ LOG ] INIT File
---------------------------------------------------------------
[ 2018-04-11T14:52:42+08:00 ] 127.0.0.1 127.0.0.1 GET /index.php/api/News/new_list?type=0&page=10
[ info ] www.php.cc/index.php/api/News/new_list?type=0&page=10 [运行时间：0.246101s][吞吐率：4.06req/s] [内存消耗：1,504.16kb] [文件加载：43]
[ info ] [ LANG ] D:\web\sina\php\thinkphp\lang\zh-cn.php
[ info ] [ ROUTE ] array (
  'type' => 'module',
  'module' => 
  array (
    0 => 'api',
    1 => 'News',
    2 => 'new_list',
  ),
)
[ info ] [ HEADER ] array (
  'host' => 'www.php.cc',
  'connection' => 'keep-alive',
  'pragma' => 'no-cache',
  'cache-control' => 'no-cache',
  'accept' => 'application/json, text/plain, */*',
  'origin' => 'http://localhost:8080',
  'user-agent' => 'Mozilla/5.0 (iPhone; CPU iPhone OS 11_0 like Mac OS X) AppleWebKit/604.1.38 (KHTML, like Gecko) Version/11.0 Mobile/15A372 Safari/604.1',
  'referer' => 'http://localhost:8080/',
  'accept-encoding' => 'gzip, deflate',
  'accept-language' => 'zh-CN,zh;q=0.9',
)
[ info ] [ PARAM ] array (
  'type' => '0',
  'page' => '10',
)
[ info ] [ RUN ] app\api\controller\News->new_list[ D:\web\sina\php\apps\api\controller\News.php ]
[ info ] [ LOG ] INIT File
---------------------------------------------------------------
[ 2018-04-11T14:52:45+08:00 ] 127.0.0.1 127.0.0.1 GET /index.php/api/News/new_list?type=0&page=10
[ info ] www.php.cc/index.php/api/News/new_list?type=0&page=10 [运行时间：0.180963s][吞吐率：5.53req/s] [内存消耗：1,504.16kb] [文件加载：43]
[ info ] [ LANG ] D:\web\sina\php\thinkphp\lang\zh-cn.php
[ info ] [ ROUTE ] array (
  'type' => 'module',
  'module' => 
  array (
    0 => 'api',
    1 => 'News',
    2 => 'new_list',
  ),
)
[ info ] [ HEADER ] array (
  'host' => 'www.php.cc',
  'connection' => 'keep-alive',
  'pragma' => 'no-cache',
  'cache-control' => 'no-cache',
  'accept' => 'application/json, text/plain, */*',
  'origin' => 'http://localhost:8080',
  'user-agent' => 'Mozilla/5.0 (iPhone; CPU iPhone OS 11_0 like Mac OS X) AppleWebKit/604.1.38 (KHTML, like Gecko) Version/11.0 Mobile/15A372 Safari/604.1',
  'referer' => 'http://localhost:8080/',
  'accept-encoding' => 'gzip, deflate',
  'accept-language' => 'zh-CN,zh;q=0.9',
)
[ info ] [ PARAM ] array (
  'type' => '0',
  'page' => '10',
)
[ info ] [ RUN ] app\api\controller\News->new_list[ D:\web\sina\php\apps\api\controller\News.php ]
[ info ] [ LOG ] INIT File
---------------------------------------------------------------
[ 2018-04-11T14:52:46+08:00 ] 127.0.0.1 127.0.0.1 GET /index.php/api/News/new_list?type=1&page=10
[ info ] www.php.cc/index.php/api/News/new_list?type=1&page=10 [运行时间：0.092760s][吞吐率：10.78req/s] [内存消耗：1,504.16kb] [文件加载：43]
[ info ] [ LANG ] D:\web\sina\php\thinkphp\lang\zh-cn.php
[ info ] [ ROUTE ] array (
  'type' => 'module',
  'module' => 
  array (
    0 => 'api',
    1 => 'News',
    2 => 'new_list',
  ),
)
[ info ] [ HEADER ] array (
  'host' => 'www.php.cc',
  'connection' => 'keep-alive',
  'pragma' => 'no-cache',
  'cache-control' => 'no-cache',
  'accept' => 'application/json, text/plain, */*',
  'origin' => 'http://localhost:8080',
  'user-agent' => 'Mozilla/5.0 (iPhone; CPU iPhone OS 11_0 like Mac OS X) AppleWebKit/604.1.38 (KHTML, like Gecko) Version/11.0 Mobile/15A372 Safari/604.1',
  'referer' => 'http://localhost:8080/',
  'accept-encoding' => 'gzip, deflate',
  'accept-language' => 'zh-CN,zh;q=0.9',
)
[ info ] [ PARAM ] array (
  'type' => '1',
  'page' => '10',
)
[ info ] [ RUN ] app\api\controller\News->new_list[ D:\web\sina\php\apps\api\controller\News.php ]
[ info ] [ LOG ] INIT File
---------------------------------------------------------------
[ 2018-04-11T14:52:47+08:00 ] 127.0.0.1 127.0.0.1 GET /index.php/api/News/new_list?type=2&page=10
[ info ] www.php.cc/index.php/api/News/new_list?type=2&page=10 [运行时间：0.178658s][吞吐率：5.60req/s] [内存消耗：1,504.16kb] [文件加载：43]
[ info ] [ LANG ] D:\web\sina\php\thinkphp\lang\zh-cn.php
[ info ] [ ROUTE ] array (
  'type' => 'module',
  'module' => 
  array (
    0 => 'api',
    1 => 'News',
    2 => 'new_list',
  ),
)
[ info ] [ HEADER ] array (
  'host' => 'www.php.cc',
  'connection' => 'keep-alive',
  'pragma' => 'no-cache',
  'cache-control' => 'no-cache',
  'accept' => 'application/json, text/plain, */*',
  'origin' => 'http://localhost:8080',
  'user-agent' => 'Mozilla/5.0 (iPhone; CPU iPhone OS 11_0 like Mac OS X) AppleWebKit/604.1.38 (KHTML, like Gecko) Version/11.0 Mobile/15A372 Safari/604.1',
  'referer' => 'http://localhost:8080/',
  'accept-encoding' => 'gzip, deflate',
  'accept-language' => 'zh-CN,zh;q=0.9',
)
[ info ] [ PARAM ] array (
  'type' => '2',
  'page' => '10',
)
[ info ] [ RUN ] app\api\controller\News->new_list[ D:\web\sina\php\apps\api\controller\News.php ]
[ info ] [ LOG ] INIT File
---------------------------------------------------------------
[ 2018-04-11T14:52:48+08:00 ] 127.0.0.1 127.0.0.1 GET /index.php/api/News/new_list?type=3&page=10
[ info ] www.php.cc/index.php/api/News/new_list?type=3&page=10 [运行时间：0.241780s][吞吐率：4.14req/s] [内存消耗：1,504.16kb] [文件加载：43]
[ info ] [ LANG ] D:\web\sina\php\thinkphp\lang\zh-cn.php
[ info ] [ ROUTE ] array (
  'type' => 'module',
  'module' => 
  array (
    0 => 'api',
    1 => 'News',
    2 => 'new_list',
  ),
)
[ info ] [ HEADER ] array (
  'host' => 'www.php.cc',
  'connection' => 'keep-alive',
  'pragma' => 'no-cache',
  'cache-control' => 'no-cache',
  'accept' => 'application/json, text/plain, */*',
  'origin' => 'http://localhost:8080',
  'user-agent' => 'Mozilla/5.0 (iPhone; CPU iPhone OS 11_0 like Mac OS X) AppleWebKit/604.1.38 (KHTML, like Gecko) Version/11.0 Mobile/15A372 Safari/604.1',
  'referer' => 'http://localhost:8080/',
  'accept-encoding' => 'gzip, deflate',
  'accept-language' => 'zh-CN,zh;q=0.9',
)
[ info ] [ PARAM ] array (
  'type' => '3',
  'page' => '10',
)
[ info ] [ RUN ] app\api\controller\News->new_list[ D:\web\sina\php\apps\api\controller\News.php ]
[ info ] [ LOG ] INIT File
---------------------------------------------------------------
[ 2018-04-11T14:52:48+08:00 ] 127.0.0.1 127.0.0.1 GET /index.php/api/News/new_list?type=1&page=10
[ info ] www.php.cc/index.php/api/News/new_list?type=1&page=10 [运行时间：0.086352s][吞吐率：11.58req/s] [内存消耗：1,504.16kb] [文件加载：43]
[ info ] [ LANG ] D:\web\sina\php\thinkphp\lang\zh-cn.php
[ info ] [ ROUTE ] array (
  'type' => 'module',
  'module' => 
  array (
    0 => 'api',
    1 => 'News',
    2 => 'new_list',
  ),
)
[ info ] [ HEADER ] array (
  'host' => 'www.php.cc',
  'connection' => 'keep-alive',
  'pragma' => 'no-cache',
  'cache-control' => 'no-cache',
  'accept' => 'application/json, text/plain, */*',
  'origin' => 'http://localhost:8080',
  'user-agent' => 'Mozilla/5.0 (iPhone; CPU iPhone OS 11_0 like Mac OS X) AppleWebKit/604.1.38 (KHTML, like Gecko) Version/11.0 Mobile/15A372 Safari/604.1',
  'referer' => 'http://localhost:8080/',
  'accept-encoding' => 'gzip, deflate',
  'accept-language' => 'zh-CN,zh;q=0.9',
)
[ info ] [ PARAM ] array (
  'type' => '1',
  'page' => '10',
)
[ info ] [ RUN ] app\api\controller\News->new_list[ D:\web\sina\php\apps\api\controller\News.php ]
[ info ] [ LOG ] INIT File
---------------------------------------------------------------
[ 2018-04-11T14:52:49+08:00 ] 127.0.0.1 127.0.0.1 GET /index.php/api/News/new_list?type=0&page=10
[ info ] www.php.cc/index.php/api/News/new_list?type=0&page=10 [运行时间：0.123954s][吞吐率：8.07req/s] [内存消耗：1,504.16kb] [文件加载：43]
[ info ] [ LANG ] D:\web\sina\php\thinkphp\lang\zh-cn.php
[ info ] [ ROUTE ] array (
  'type' => 'module',
  'module' => 
  array (
    0 => 'api',
    1 => 'News',
    2 => 'new_list',
  ),
)
[ info ] [ HEADER ] array (
  'host' => 'www.php.cc',
  'connection' => 'keep-alive',
  'pragma' => 'no-cache',
  'cache-control' => 'no-cache',
  'accept' => 'application/json, text/plain, */*',
  'origin' => 'http://localhost:8080',
  'user-agent' => 'Mozilla/5.0 (iPhone; CPU iPhone OS 11_0 like Mac OS X) AppleWebKit/604.1.38 (KHTML, like Gecko) Version/11.0 Mobile/15A372 Safari/604.1',
  'referer' => 'http://localhost:8080/',
  'accept-encoding' => 'gzip, deflate',
  'accept-language' => 'zh-CN,zh;q=0.9',
)
[ info ] [ PARAM ] array (
  'type' => '0',
  'page' => '10',
)
[ info ] [ RUN ] app\api\controller\News->new_list[ D:\web\sina\php\apps\api\controller\News.php ]
[ info ] [ LOG ] INIT File
---------------------------------------------------------------
[ 2018-04-11T14:52:51+08:00 ] 127.0.0.1 127.0.0.1 GET /index.php/api/News/new_list?type=0&page=10
[ info ] www.php.cc/index.php/api/News/new_list?type=0&page=10 [运行时间：0.094240s][吞吐率：10.61req/s] [内存消耗：1,504.16kb] [文件加载：43]
[ info ] [ LANG ] D:\web\sina\php\thinkphp\lang\zh-cn.php
[ info ] [ ROUTE ] array (
  'type' => 'module',
  'module' => 
  array (
    0 => 'api',
    1 => 'News',
    2 => 'new_list',
  ),
)
[ info ] [ HEADER ] array (
  'host' => 'www.php.cc',
  'connection' => 'keep-alive',
  'pragma' => 'no-cache',
  'cache-control' => 'no-cache',
  'accept' => 'application/json, text/plain, */*',
  'origin' => 'http://localhost:8080',
  'user-agent' => 'Mozilla/5.0 (iPhone; CPU iPhone OS 11_0 like Mac OS X) AppleWebKit/604.1.38 (KHTML, like Gecko) Version/11.0 Mobile/15A372 Safari/604.1',
  'referer' => 'http://localhost:8080/',
  'accept-encoding' => 'gzip, deflate',
  'accept-language' => 'zh-CN,zh;q=0.9',
)
[ info ] [ PARAM ] array (
  'type' => '0',
  'page' => '10',
)
[ info ] [ RUN ] app\api\controller\News->new_list[ D:\web\sina\php\apps\api\controller\News.php ]
[ info ] [ LOG ] INIT File
