---------------------------------------------------------------
[ 2018-04-14T06:18:26+08:00 ] 127.0.0.1 127.0.0.1 GET /index.php/api/News/new_list?type=0&page=5
[ info ] www.php.cc/index.php/api/News/new_list?type=0&page=5 [运行时间：2.529652s][吞吐率：0.40req/s] [内存消耗：1,502.99kb] [文件加载：43]
[ info ] [ LANG ] D:\web\sina\php\thinkphp\lang\zh-cn.php
[ info ] [ ROUTE ] array (
  'type' => 'module',
  'module' => 
  array (
    0 => 'api',
    1 => 'News',
    2 => 'new_list',
  ),
)
[ info ] [ HEADER ] array (
  'host' => 'www.php.cc',
  'connection' => 'keep-alive',
  'accept' => 'application/json, text/plain, */*',
  'origin' => 'http://localhost:8080',
  'user-agent' => 'Mozilla/5.0 (iPhone; CPU iPhone OS 11_0 like Mac OS X) AppleWebKit/604.1.38 (KHTML, like Gecko) Version/11.0 Mobile/15A372 Safari/604.1',
  'referer' => 'http://localhost:8080/',
  'accept-encoding' => 'gzip, deflate',
  'accept-language' => 'zh-CN,zh;q=0.9',
)
[ info ] [ PARAM ] array (
  'type' => '0',
  'page' => '5',
)
[ info ] [ RUN ] app\api\controller\News->new_list[ D:\web\sina\php\apps\api\controller\News.php ]
[ info ] [ LOG ] INIT File
---------------------------------------------------------------
[ 2018-04-14T06:18:32+08:00 ] 127.0.0.1 127.0.0.1 GET /index.php/api/News/new_list?type=2&page=5
[ info ] www.php.cc/index.php/api/News/new_list?type=2&page=5 [运行时间：0.264491s][吞吐率：3.78req/s] [内存消耗：1,503.00kb] [文件加载：43]
[ info ] [ LANG ] D:\web\sina\php\thinkphp\lang\zh-cn.php
[ info ] [ ROUTE ] array (
  'type' => 'module',
  'module' => 
  array (
    0 => 'api',
    1 => 'News',
    2 => 'new_list',
  ),
)
[ info ] [ HEADER ] array (
  'host' => 'www.php.cc',
  'connection' => 'keep-alive',
  'accept' => 'application/json, text/plain, */*',
  'origin' => 'http://localhost:8080',
  'user-agent' => 'Mozilla/5.0 (iPhone; CPU iPhone OS 11_0 like Mac OS X) AppleWebKit/604.1.38 (KHTML, like Gecko) Version/11.0 Mobile/15A372 Safari/604.1',
  'referer' => 'http://localhost:8080/',
  'accept-encoding' => 'gzip, deflate',
  'accept-language' => 'zh-CN,zh;q=0.9',
)
[ info ] [ PARAM ] array (
  'type' => '2',
  'page' => '5',
)
[ info ] [ RUN ] app\api\controller\News->new_list[ D:\web\sina\php\apps\api\controller\News.php ]
[ info ] [ LOG ] INIT File
---------------------------------------------------------------
[ 2018-04-14T06:18:37+08:00 ] 127.0.0.1 127.0.0.1 GET /index.php/api/News/new_list?type=1&page=5
[ info ] www.php.cc/index.php/api/News/new_list?type=1&page=5 [运行时间：1.938805s][吞吐率：0.52req/s] [内存消耗：1,503.00kb] [文件加载：43]
[ info ] [ LANG ] D:\web\sina\php\thinkphp\lang\zh-cn.php
[ info ] [ ROUTE ] array (
  'type' => 'module',
  'module' => 
  array (
    0 => 'api',
    1 => 'News',
    2 => 'new_list',
  ),
)
[ info ] [ HEADER ] array (
  'host' => 'www.php.cc',
  'connection' => 'keep-alive',
  'accept' => 'application/json, text/plain, */*',
  'origin' => 'http://localhost:8080',
  'user-agent' => 'Mozilla/5.0 (iPhone; CPU iPhone OS 11_0 like Mac OS X) AppleWebKit/604.1.38 (KHTML, like Gecko) Version/11.0 Mobile/15A372 Safari/604.1',
  'referer' => 'http://localhost:8080/',
  'accept-encoding' => 'gzip, deflate',
  'accept-language' => 'zh-CN,zh;q=0.9',
)
[ info ] [ PARAM ] array (
  'type' => '1',
  'page' => '5',
)
[ info ] [ RUN ] app\api\controller\News->new_list[ D:\web\sina\php\apps\api\controller\News.php ]
[ info ] [ LOG ] INIT File
---------------------------------------------------------------
[ 2018-04-14T06:18:44+08:00 ] 127.0.0.1 127.0.0.1 GET /index.php/api/News/new_list?type=0&page=10
[ info ] www.php.cc/index.php/api/News/new_list?type=0&page=10 [运行时间：1.289738s][吞吐率：0.78req/s] [内存消耗：1,503.00kb] [文件加载：43]
[ info ] [ LANG ] D:\web\sina\php\thinkphp\lang\zh-cn.php
[ info ] [ ROUTE ] array (
  'type' => 'module',
  'module' => 
  array (
    0 => 'api',
    1 => 'News',
    2 => 'new_list',
  ),
)
[ info ] [ HEADER ] array (
  'host' => 'www.php.cc',
  'connection' => 'keep-alive',
  'accept' => 'application/json, text/plain, */*',
  'origin' => 'http://localhost:8080',
  'user-agent' => 'Mozilla/5.0 (iPhone; CPU iPhone OS 11_0 like Mac OS X) AppleWebKit/604.1.38 (KHTML, like Gecko) Version/11.0 Mobile/15A372 Safari/604.1',
  'referer' => 'http://localhost:8080/',
  'accept-encoding' => 'gzip, deflate',
  'accept-language' => 'zh-CN,zh;q=0.9',
)
[ info ] [ PARAM ] array (
  'type' => '0',
  'page' => '10',
)
[ info ] [ RUN ] app\api\controller\News->new_list[ D:\web\sina\php\apps\api\controller\News.php ]
[ info ] [ LOG ] INIT File
---------------------------------------------------------------
[ 2018-04-14T06:18:45+08:00 ] 127.0.0.1 127.0.0.1 GET /index.php/api/News/new_list?type=0&page=15
[ info ] www.php.cc/index.php/api/News/new_list?type=0&page=15 [运行时间：0.282626s][吞吐率：3.54req/s] [内存消耗：1,503.00kb] [文件加载：43]
[ info ] [ LANG ] D:\web\sina\php\thinkphp\lang\zh-cn.php
[ info ] [ ROUTE ] array (
  'type' => 'module',
  'module' => 
  array (
    0 => 'api',
    1 => 'News',
    2 => 'new_list',
  ),
)
[ info ] [ HEADER ] array (
  'host' => 'www.php.cc',
  'connection' => 'keep-alive',
  'accept' => 'application/json, text/plain, */*',
  'origin' => 'http://localhost:8080',
  'user-agent' => 'Mozilla/5.0 (iPhone; CPU iPhone OS 11_0 like Mac OS X) AppleWebKit/604.1.38 (KHTML, like Gecko) Version/11.0 Mobile/15A372 Safari/604.1',
  'referer' => 'http://localhost:8080/',
  'accept-encoding' => 'gzip, deflate',
  'accept-language' => 'zh-CN,zh;q=0.9',
)
[ info ] [ PARAM ] array (
  'type' => '0',
  'page' => '15',
)
[ info ] [ RUN ] app\api\controller\News->new_list[ D:\web\sina\php\apps\api\controller\News.php ]
[ info ] [ LOG ] INIT File
---------------------------------------------------------------
[ 2018-04-14T06:18:50+08:00 ] 127.0.0.1 127.0.0.1 GET /index.php/api/News/new_list?type=7&page=5
[ info ] www.php.cc/index.php/api/News/new_list?type=7&page=5 [运行时间：0.688274s][吞吐率：1.45req/s] [内存消耗：1,503.00kb] [文件加载：43]
[ info ] [ LANG ] D:\web\sina\php\thinkphp\lang\zh-cn.php
[ info ] [ ROUTE ] array (
  'type' => 'module',
  'module' => 
  array (
    0 => 'api',
    1 => 'News',
    2 => 'new_list',
  ),
)
[ info ] [ HEADER ] array (
  'host' => 'www.php.cc',
  'connection' => 'keep-alive',
  'accept' => 'application/json, text/plain, */*',
  'origin' => 'http://localhost:8080',
  'user-agent' => 'Mozilla/5.0 (iPhone; CPU iPhone OS 11_0 like Mac OS X) AppleWebKit/604.1.38 (KHTML, like Gecko) Version/11.0 Mobile/15A372 Safari/604.1',
  'referer' => 'http://localhost:8080/',
  'accept-encoding' => 'gzip, deflate',
  'accept-language' => 'zh-CN,zh;q=0.9',
)
[ info ] [ PARAM ] array (
  'type' => '7',
  'page' => '5',
)
[ info ] [ RUN ] app\api\controller\News->new_list[ D:\web\sina\php\apps\api\controller\News.php ]
[ info ] [ LOG ] INIT File
---------------------------------------------------------------
[ 2018-04-14T06:18:53+08:00 ] 127.0.0.1 127.0.0.1 GET /index.php/api/News/new_list?type=7&page=10
[ info ] www.php.cc/index.php/api/News/new_list?type=7&page=10 [运行时间：0.655123s][吞吐率：1.53req/s] [内存消耗：1,503.00kb] [文件加载：43]
[ info ] [ LANG ] D:\web\sina\php\thinkphp\lang\zh-cn.php
[ info ] [ ROUTE ] array (
  'type' => 'module',
  'module' => 
  array (
    0 => 'api',
    1 => 'News',
    2 => 'new_list',
  ),
)
[ info ] [ HEADER ] array (
  'host' => 'www.php.cc',
  'connection' => 'keep-alive',
  'accept' => 'application/json, text/plain, */*',
  'origin' => 'http://localhost:8080',
  'user-agent' => 'Mozilla/5.0 (iPhone; CPU iPhone OS 11_0 like Mac OS X) AppleWebKit/604.1.38 (KHTML, like Gecko) Version/11.0 Mobile/15A372 Safari/604.1',
  'referer' => 'http://localhost:8080/',
  'accept-encoding' => 'gzip, deflate',
  'accept-language' => 'zh-CN,zh;q=0.9',
)
[ info ] [ PARAM ] array (
  'type' => '7',
  'page' => '10',
)
[ info ] [ RUN ] app\api\controller\News->new_list[ D:\web\sina\php\apps\api\controller\News.php ]
[ info ] [ LOG ] INIT File
---------------------------------------------------------------
[ 2018-04-14T06:19:07+08:00 ] 127.0.0.1 127.0.0.1 GET /index.php/api/News/new_list?type=0&page=5
[ info ] www.php.cc/index.php/api/News/new_list?type=0&page=5 [运行时间：0.352409s][吞吐率：2.84req/s] [内存消耗：1,503.00kb] [文件加载：43]
[ info ] [ LANG ] D:\web\sina\php\thinkphp\lang\zh-cn.php
[ info ] [ ROUTE ] array (
  'type' => 'module',
  'module' => 
  array (
    0 => 'api',
    1 => 'News',
    2 => 'new_list',
  ),
)
[ info ] [ HEADER ] array (
  'host' => 'www.php.cc',
  'connection' => 'keep-alive',
  'accept' => 'application/json, text/plain, */*',
  'origin' => 'http://localhost:8080',
  'user-agent' => 'Mozilla/5.0 (iPhone; CPU iPhone OS 11_0 like Mac OS X) AppleWebKit/604.1.38 (KHTML, like Gecko) Version/11.0 Mobile/15A372 Safari/604.1',
  'referer' => 'http://localhost:8080/',
  'accept-encoding' => 'gzip, deflate',
  'accept-language' => 'zh-CN,zh;q=0.9',
)
[ info ] [ PARAM ] array (
  'type' => '0',
  'page' => '5',
)
[ info ] [ RUN ] app\api\controller\News->new_list[ D:\web\sina\php\apps\api\controller\News.php ]
[ info ] [ LOG ] INIT File
---------------------------------------------------------------
[ 2018-04-14T06:19:13+08:00 ] 127.0.0.1 127.0.0.1 GET /index.php/api/News/new_list?type=0&page=5
[ info ] www.php.cc/index.php/api/News/new_list?type=0&page=5 [运行时间：0.318868s][吞吐率：3.14req/s] [内存消耗：1,503.00kb] [文件加载：43]
[ info ] [ LANG ] D:\web\sina\php\thinkphp\lang\zh-cn.php
[ info ] [ ROUTE ] array (
  'type' => 'module',
  'module' => 
  array (
    0 => 'api',
    1 => 'News',
    2 => 'new_list',
  ),
)
[ info ] [ HEADER ] array (
  'host' => 'www.php.cc',
  'connection' => 'keep-alive',
  'accept' => 'application/json, text/plain, */*',
  'origin' => 'http://localhost:8080',
  'user-agent' => 'Mozilla/5.0 (iPhone; CPU iPhone OS 11_0 like Mac OS X) AppleWebKit/604.1.38 (KHTML, like Gecko) Version/11.0 Mobile/15A372 Safari/604.1',
  'referer' => 'http://localhost:8080/',
  'accept-encoding' => 'gzip, deflate',
  'accept-language' => 'zh-CN,zh;q=0.9',
)
[ info ] [ PARAM ] array (
  'type' => '0',
  'page' => '5',
)
[ info ] [ RUN ] app\api\controller\News->new_list[ D:\web\sina\php\apps\api\controller\News.php ]
[ info ] [ LOG ] INIT File
---------------------------------------------------------------
[ 2018-04-14T06:19:16+08:00 ] 127.0.0.1 127.0.0.1 GET /index.php/api/News/new_list?type=1&page=5
[ info ] www.php.cc/index.php/api/News/new_list?type=1&page=5 [运行时间：0.488654s][吞吐率：2.05req/s] [内存消耗：1,503.00kb] [文件加载：43]
[ info ] [ LANG ] D:\web\sina\php\thinkphp\lang\zh-cn.php
[ info ] [ ROUTE ] array (
  'type' => 'module',
  'module' => 
  array (
    0 => 'api',
    1 => 'News',
    2 => 'new_list',
  ),
)
[ info ] [ HEADER ] array (
  'host' => 'www.php.cc',
  'connection' => 'keep-alive',
  'accept' => 'application/json, text/plain, */*',
  'origin' => 'http://localhost:8080',
  'user-agent' => 'Mozilla/5.0 (iPhone; CPU iPhone OS 11_0 like Mac OS X) AppleWebKit/604.1.38 (KHTML, like Gecko) Version/11.0 Mobile/15A372 Safari/604.1',
  'referer' => 'http://localhost:8080/',
  'accept-encoding' => 'gzip, deflate',
  'accept-language' => 'zh-CN,zh;q=0.9',
)
[ info ] [ PARAM ] array (
  'type' => '1',
  'page' => '5',
)
[ info ] [ RUN ] app\api\controller\News->new_list[ D:\web\sina\php\apps\api\controller\News.php ]
[ info ] [ LOG ] INIT File
---------------------------------------------------------------
[ 2018-04-14T06:19:18+08:00 ] 127.0.0.1 127.0.0.1 GET /index.php/api/News/new_list?type=1&page=10
[ info ] www.php.cc/index.php/api/News/new_list?type=1&page=10 [运行时间：0.417830s][吞吐率：2.39req/s] [内存消耗：1,503.00kb] [文件加载：43]
[ info ] [ LANG ] D:\web\sina\php\thinkphp\lang\zh-cn.php
[ info ] [ ROUTE ] array (
  'type' => 'module',
  'module' => 
  array (
    0 => 'api',
    1 => 'News',
    2 => 'new_list',
  ),
)
[ info ] [ HEADER ] array (
  'host' => 'www.php.cc',
  'connection' => 'keep-alive',
  'accept' => 'application/json, text/plain, */*',
  'origin' => 'http://localhost:8080',
  'user-agent' => 'Mozilla/5.0 (iPhone; CPU iPhone OS 11_0 like Mac OS X) AppleWebKit/604.1.38 (KHTML, like Gecko) Version/11.0 Mobile/15A372 Safari/604.1',
  'referer' => 'http://localhost:8080/',
  'accept-encoding' => 'gzip, deflate',
  'accept-language' => 'zh-CN,zh;q=0.9',
)
[ info ] [ PARAM ] array (
  'type' => '1',
  'page' => '10',
)
[ info ] [ RUN ] app\api\controller\News->new_list[ D:\web\sina\php\apps\api\controller\News.php ]
[ info ] [ LOG ] INIT File
---------------------------------------------------------------
[ 2018-04-14T06:19:20+08:00 ] 127.0.0.1 127.0.0.1 GET /index.php/api/News/new_list?type=3&page=5
[ info ] www.php.cc/index.php/api/News/new_list?type=3&page=5 [运行时间：0.394879s][吞吐率：2.53req/s] [内存消耗：1,503.00kb] [文件加载：43]
[ info ] [ LANG ] D:\web\sina\php\thinkphp\lang\zh-cn.php
[ info ] [ ROUTE ] array (
  'type' => 'module',
  'module' => 
  array (
    0 => 'api',
    1 => 'News',
    2 => 'new_list',
  ),
)
[ info ] [ HEADER ] array (
  'host' => 'www.php.cc',
  'connection' => 'keep-alive',
  'accept' => 'application/json, text/plain, */*',
  'origin' => 'http://localhost:8080',
  'user-agent' => 'Mozilla/5.0 (iPhone; CPU iPhone OS 11_0 like Mac OS X) AppleWebKit/604.1.38 (KHTML, like Gecko) Version/11.0 Mobile/15A372 Safari/604.1',
  'referer' => 'http://localhost:8080/',
  'accept-encoding' => 'gzip, deflate',
  'accept-language' => 'zh-CN,zh;q=0.9',
)
[ info ] [ PARAM ] array (
  'type' => '3',
  'page' => '5',
)
[ info ] [ RUN ] app\api\controller\News->new_list[ D:\web\sina\php\apps\api\controller\News.php ]
[ info ] [ LOG ] INIT File
---------------------------------------------------------------
[ 2018-04-14T06:19:22+08:00 ] 127.0.0.1 127.0.0.1 GET /index.php/api/News/new_list?type=3&page=10
[ info ] www.php.cc/index.php/api/News/new_list?type=3&page=10 [运行时间：0.336034s][吞吐率：2.98req/s] [内存消耗：1,503.00kb] [文件加载：43]
[ info ] [ LANG ] D:\web\sina\php\thinkphp\lang\zh-cn.php
[ info ] [ ROUTE ] array (
  'type' => 'module',
  'module' => 
  array (
    0 => 'api',
    1 => 'News',
    2 => 'new_list',
  ),
)
[ info ] [ HEADER ] array (
  'host' => 'www.php.cc',
  'connection' => 'keep-alive',
  'accept' => 'application/json, text/plain, */*',
  'origin' => 'http://localhost:8080',
  'user-agent' => 'Mozilla/5.0 (iPhone; CPU iPhone OS 11_0 like Mac OS X) AppleWebKit/604.1.38 (KHTML, like Gecko) Version/11.0 Mobile/15A372 Safari/604.1',
  'referer' => 'http://localhost:8080/',
  'accept-encoding' => 'gzip, deflate',
  'accept-language' => 'zh-CN,zh;q=0.9',
)
[ info ] [ PARAM ] array (
  'type' => '3',
  'page' => '10',
)
[ info ] [ RUN ] app\api\controller\News->new_list[ D:\web\sina\php\apps\api\controller\News.php ]
[ info ] [ LOG ] INIT File
---------------------------------------------------------------
[ 2018-04-14T06:19:23+08:00 ] 127.0.0.1 127.0.0.1 GET /index.php/api/News/new_list?type=3&page=15
[ info ] www.php.cc/index.php/api/News/new_list?type=3&page=15 [运行时间：0.310224s][吞吐率：3.22req/s] [内存消耗：1,503.00kb] [文件加载：43]
[ info ] [ LANG ] D:\web\sina\php\thinkphp\lang\zh-cn.php
[ info ] [ ROUTE ] array (
  'type' => 'module',
  'module' => 
  array (
    0 => 'api',
    1 => 'News',
    2 => 'new_list',
  ),
)
[ info ] [ HEADER ] array (
  'host' => 'www.php.cc',
  'connection' => 'keep-alive',
  'accept' => 'application/json, text/plain, */*',
  'origin' => 'http://localhost:8080',
  'user-agent' => 'Mozilla/5.0 (iPhone; CPU iPhone OS 11_0 like Mac OS X) AppleWebKit/604.1.38 (KHTML, like Gecko) Version/11.0 Mobile/15A372 Safari/604.1',
  'referer' => 'http://localhost:8080/',
  'accept-encoding' => 'gzip, deflate',
  'accept-language' => 'zh-CN,zh;q=0.9',
)
[ info ] [ PARAM ] array (
  'type' => '3',
  'page' => '15',
)
[ info ] [ RUN ] app\api\controller\News->new_list[ D:\web\sina\php\apps\api\controller\News.php ]
[ info ] [ LOG ] INIT File
---------------------------------------------------------------
[ 2018-04-14T06:19:51+08:00 ] 127.0.0.1 127.0.0.1 GET /index.php/api/News/new_list?type=2&page=5
[ info ] www.php.cc/index.php/api/News/new_list?type=2&page=5 [运行时间：0.516590s][吞吐率：1.94req/s] [内存消耗：1,503.00kb] [文件加载：43]
[ info ] [ LANG ] D:\web\sina\php\thinkphp\lang\zh-cn.php
[ info ] [ ROUTE ] array (
  'type' => 'module',
  'module' => 
  array (
    0 => 'api',
    1 => 'News',
    2 => 'new_list',
  ),
)
[ info ] [ HEADER ] array (
  'host' => 'www.php.cc',
  'connection' => 'keep-alive',
  'accept' => 'application/json, text/plain, */*',
  'origin' => 'http://localhost:8080',
  'user-agent' => 'Mozilla/5.0 (iPhone; CPU iPhone OS 11_0 like Mac OS X) AppleWebKit/604.1.38 (KHTML, like Gecko) Version/11.0 Mobile/15A372 Safari/604.1',
  'referer' => 'http://localhost:8080/',
  'accept-encoding' => 'gzip, deflate',
  'accept-language' => 'zh-CN,zh;q=0.9',
)
[ info ] [ PARAM ] array (
  'type' => '2',
  'page' => '5',
)
[ info ] [ RUN ] app\api\controller\News->new_list[ D:\web\sina\php\apps\api\controller\News.php ]
[ info ] [ LOG ] INIT File
---------------------------------------------------------------
[ 2018-04-14T06:19:53+08:00 ] 127.0.0.1 127.0.0.1 GET /index.php/api/News/new_list?type=4&page=5
[ info ] www.php.cc/index.php/api/News/new_list?type=4&page=5 [运行时间：0.335904s][吞吐率：2.98req/s] [内存消耗：1,503.00kb] [文件加载：43]
[ info ] [ LANG ] D:\web\sina\php\thinkphp\lang\zh-cn.php
[ info ] [ ROUTE ] array (
  'type' => 'module',
  'module' => 
  array (
    0 => 'api',
    1 => 'News',
    2 => 'new_list',
  ),
)
[ info ] [ HEADER ] array (
  'host' => 'www.php.cc',
  'connection' => 'keep-alive',
  'accept' => 'application/json, text/plain, */*',
  'origin' => 'http://localhost:8080',
  'user-agent' => 'Mozilla/5.0 (iPhone; CPU iPhone OS 11_0 like Mac OS X) AppleWebKit/604.1.38 (KHTML, like Gecko) Version/11.0 Mobile/15A372 Safari/604.1',
  'referer' => 'http://localhost:8080/',
  'accept-encoding' => 'gzip, deflate',
  'accept-language' => 'zh-CN,zh;q=0.9',
)
[ info ] [ PARAM ] array (
  'type' => '4',
  'page' => '5',
)
[ info ] [ RUN ] app\api\controller\News->new_list[ D:\web\sina\php\apps\api\controller\News.php ]
[ info ] [ LOG ] INIT File
---------------------------------------------------------------
[ 2018-04-14T06:19:55+08:00 ] 127.0.0.1 127.0.0.1 GET /index.php/api/News/new_list?type=6&page=5
[ info ] www.php.cc/index.php/api/News/new_list?type=6&page=5 [运行时间：0.300796s][吞吐率：3.32req/s] [内存消耗：1,503.00kb] [文件加载：43]
[ info ] [ LANG ] D:\web\sina\php\thinkphp\lang\zh-cn.php
[ info ] [ ROUTE ] array (
  'type' => 'module',
  'module' => 
  array (
    0 => 'api',
    1 => 'News',
    2 => 'new_list',
  ),
)
[ info ] [ HEADER ] array (
  'host' => 'www.php.cc',
  'connection' => 'keep-alive',
  'accept' => 'application/json, text/plain, */*',
  'origin' => 'http://localhost:8080',
  'user-agent' => 'Mozilla/5.0 (iPhone; CPU iPhone OS 11_0 like Mac OS X) AppleWebKit/604.1.38 (KHTML, like Gecko) Version/11.0 Mobile/15A372 Safari/604.1',
  'referer' => 'http://localhost:8080/',
  'accept-encoding' => 'gzip, deflate',
  'accept-language' => 'zh-CN,zh;q=0.9',
)
[ info ] [ PARAM ] array (
  'type' => '6',
  'page' => '5',
)
[ info ] [ RUN ] app\api\controller\News->new_list[ D:\web\sina\php\apps\api\controller\News.php ]
[ info ] [ LOG ] INIT File
---------------------------------------------------------------
[ 2018-04-14T06:19:57+08:00 ] 127.0.0.1 127.0.0.1 GET /index.php/api/News/new_list?type=7&page=5
[ info ] www.php.cc/index.php/api/News/new_list?type=7&page=5 [运行时间：0.659963s][吞吐率：1.52req/s] [内存消耗：1,503.00kb] [文件加载：43]
[ info ] [ LANG ] D:\web\sina\php\thinkphp\lang\zh-cn.php
[ info ] [ ROUTE ] array (
  'type' => 'module',
  'module' => 
  array (
    0 => 'api',
    1 => 'News',
    2 => 'new_list',
  ),
)
[ info ] [ HEADER ] array (
  'host' => 'www.php.cc',
  'connection' => 'keep-alive',
  'accept' => 'application/json, text/plain, */*',
  'origin' => 'http://localhost:8080',
  'user-agent' => 'Mozilla/5.0 (iPhone; CPU iPhone OS 11_0 like Mac OS X) AppleWebKit/604.1.38 (KHTML, like Gecko) Version/11.0 Mobile/15A372 Safari/604.1',
  'referer' => 'http://localhost:8080/',
  'accept-encoding' => 'gzip, deflate',
  'accept-language' => 'zh-CN,zh;q=0.9',
)
[ info ] [ PARAM ] array (
  'type' => '7',
  'page' => '5',
)
[ info ] [ RUN ] app\api\controller\News->new_list[ D:\web\sina\php\apps\api\controller\News.php ]
[ info ] [ LOG ] INIT File
---------------------------------------------------------------
[ 2018-04-14T06:19:58+08:00 ] 127.0.0.1 127.0.0.1 GET /index.php/api//joke/index?page=1
[ info ] www.php.cc/index.php/api//joke/index?page=1 [运行时间：0.265502s][吞吐率：3.77req/s] [内存消耗：1,422.43kb] [文件加载：42]
[ info ] [ LANG ] D:\web\sina\php\thinkphp\lang\zh-cn.php
[ info ] [ ROUTE ] array (
  'type' => 'module',
  'module' => 
  array (
    0 => 'api',
    1 => 'joke',
    2 => 'index',
  ),
)
[ info ] [ HEADER ] array (
  'host' => 'www.php.cc',
  'connection' => 'keep-alive',
  'accept' => 'application/json, text/plain, */*',
  'origin' => 'http://localhost:8080',
  'user-agent' => 'Mozilla/5.0 (iPhone; CPU iPhone OS 11_0 like Mac OS X) AppleWebKit/604.1.38 (KHTML, like Gecko) Version/11.0 Mobile/15A372 Safari/604.1',
  'referer' => 'http://localhost:8080/',
  'accept-encoding' => 'gzip, deflate',
  'accept-language' => 'zh-CN,zh;q=0.9',
)
[ info ] [ PARAM ] array (
  'page' => '1',
)
[ info ] [ RUN ] app\api\controller\Joke->index[ D:\web\sina\php\apps\api\controller\Joke.php ]
[ info ] [ LOG ] INIT File
---------------------------------------------------------------
[ 2018-04-14T06:20:14+08:00 ] 127.0.0.1 127.0.0.1 GET /index.php/api//joke/index?page=2
[ info ] www.php.cc/index.php/api//joke/index?page=2 [运行时间：0.378424s][吞吐率：2.64req/s] [内存消耗：1,422.43kb] [文件加载：42]
[ info ] [ LANG ] D:\web\sina\php\thinkphp\lang\zh-cn.php
[ info ] [ ROUTE ] array (
  'type' => 'module',
  'module' => 
  array (
    0 => 'api',
    1 => 'joke',
    2 => 'index',
  ),
)
[ info ] [ HEADER ] array (
  'host' => 'www.php.cc',
  'connection' => 'keep-alive',
  'accept' => 'application/json, text/plain, */*',
  'origin' => 'http://localhost:8080',
  'user-agent' => 'Mozilla/5.0 (iPhone; CPU iPhone OS 11_0 like Mac OS X) AppleWebKit/604.1.38 (KHTML, like Gecko) Version/11.0 Mobile/15A372 Safari/604.1',
  'referer' => 'http://localhost:8080/',
  'accept-encoding' => 'gzip, deflate',
  'accept-language' => 'zh-CN,zh;q=0.9',
)
[ info ] [ PARAM ] array (
  'page' => '2',
)
[ info ] [ RUN ] app\api\controller\Joke->index[ D:\web\sina\php\apps\api\controller\Joke.php ]
[ info ] [ LOG ] INIT File
---------------------------------------------------------------
[ 2018-04-14T06:20:18+08:00 ] 127.0.0.1 127.0.0.1 GET /index.php/api//joke/index?page=3
[ info ] www.php.cc/index.php/api//joke/index?page=3 [运行时间：0.540790s][吞吐率：1.85req/s] [内存消耗：1,422.43kb] [文件加载：42]
[ info ] [ LANG ] D:\web\sina\php\thinkphp\lang\zh-cn.php
[ info ] [ ROUTE ] array (
  'type' => 'module',
  'module' => 
  array (
    0 => 'api',
    1 => 'joke',
    2 => 'index',
  ),
)
[ info ] [ HEADER ] array (
  'host' => 'www.php.cc',
  'connection' => 'keep-alive',
  'accept' => 'application/json, text/plain, */*',
  'origin' => 'http://localhost:8080',
  'user-agent' => 'Mozilla/5.0 (iPhone; CPU iPhone OS 11_0 like Mac OS X) AppleWebKit/604.1.38 (KHTML, like Gecko) Version/11.0 Mobile/15A372 Safari/604.1',
  'referer' => 'http://localhost:8080/',
  'accept-encoding' => 'gzip, deflate',
  'accept-language' => 'zh-CN,zh;q=0.9',
)
[ info ] [ PARAM ] array (
  'page' => '3',
)
[ info ] [ RUN ] app\api\controller\Joke->index[ D:\web\sina\php\apps\api\controller\Joke.php ]
[ info ] [ LOG ] INIT File
---------------------------------------------------------------
[ 2018-04-14T06:20:45+08:00 ] 127.0.0.1 127.0.0.1 GET /index.php/api/News/new_list?type=0&page=10
[ info ] www.php.cc/index.php/api/News/new_list?type=0&page=10 [运行时间：0.366731s][吞吐率：2.73req/s] [内存消耗：1,503.00kb] [文件加载：43]
[ info ] [ LANG ] D:\web\sina\php\thinkphp\lang\zh-cn.php
[ info ] [ ROUTE ] array (
  'type' => 'module',
  'module' => 
  array (
    0 => 'api',
    1 => 'News',
    2 => 'new_list',
  ),
)
[ info ] [ HEADER ] array (
  'host' => 'www.php.cc',
  'connection' => 'keep-alive',
  'accept' => 'application/json, text/plain, */*',
  'origin' => 'http://localhost:8080',
  'user-agent' => 'Mozilla/5.0 (iPhone; CPU iPhone OS 11_0 like Mac OS X) AppleWebKit/604.1.38 (KHTML, like Gecko) Version/11.0 Mobile/15A372 Safari/604.1',
  'referer' => 'http://localhost:8080/',
  'accept-encoding' => 'gzip, deflate',
  'accept-language' => 'zh-CN,zh;q=0.9',
)
[ info ] [ PARAM ] array (
  'type' => '0',
  'page' => '10',
)
[ info ] [ RUN ] app\api\controller\News->new_list[ D:\web\sina\php\apps\api\controller\News.php ]
[ info ] [ LOG ] INIT File
---------------------------------------------------------------
[ 2018-04-14T06:20:53+08:00 ] 127.0.0.1 127.0.0.1 GET /index.php/api//joke/index?page=4
[ info ] www.php.cc/index.php/api//joke/index?page=4 [运行时间：0.411682s][吞吐率：2.43req/s] [内存消耗：1,422.43kb] [文件加载：42]
[ info ] [ LANG ] D:\web\sina\php\thinkphp\lang\zh-cn.php
[ info ] [ ROUTE ] array (
  'type' => 'module',
  'module' => 
  array (
    0 => 'api',
    1 => 'joke',
    2 => 'index',
  ),
)
[ info ] [ HEADER ] array (
  'host' => 'www.php.cc',
  'connection' => 'keep-alive',
  'accept' => 'application/json, text/plain, */*',
  'origin' => 'http://localhost:8080',
  'user-agent' => 'Mozilla/5.0 (iPhone; CPU iPhone OS 11_0 like Mac OS X) AppleWebKit/604.1.38 (KHTML, like Gecko) Version/11.0 Mobile/15A372 Safari/604.1',
  'referer' => 'http://localhost:8080/',
  'accept-encoding' => 'gzip, deflate',
  'accept-language' => 'zh-CN,zh;q=0.9',
)
[ info ] [ PARAM ] array (
  'page' => '4',
)
[ info ] [ RUN ] app\api\controller\Joke->index[ D:\web\sina\php\apps\api\controller\Joke.php ]
[ info ] [ LOG ] INIT File
---------------------------------------------------------------
[ 2018-04-14T06:21:07+08:00 ] 127.0.0.1 127.0.0.1 GET /index.php/api/News/new_list?type=0&page=15
[ info ] www.php.cc/index.php/api/News/new_list?type=0&page=15 [运行时间：0.296064s][吞吐率：3.38req/s] [内存消耗：1,503.00kb] [文件加载：43]
[ info ] [ LANG ] D:\web\sina\php\thinkphp\lang\zh-cn.php
[ info ] [ ROUTE ] array (
  'type' => 'module',
  'module' => 
  array (
    0 => 'api',
    1 => 'News',
    2 => 'new_list',
  ),
)
[ info ] [ HEADER ] array (
  'host' => 'www.php.cc',
  'connection' => 'keep-alive',
  'accept' => 'application/json, text/plain, */*',
  'origin' => 'http://localhost:8080',
  'user-agent' => 'Mozilla/5.0 (iPhone; CPU iPhone OS 11_0 like Mac OS X) AppleWebKit/604.1.38 (KHTML, like Gecko) Version/11.0 Mobile/15A372 Safari/604.1',
  'referer' => 'http://localhost:8080/',
  'accept-encoding' => 'gzip, deflate',
  'accept-language' => 'zh-CN,zh;q=0.9',
)
[ info ] [ PARAM ] array (
  'type' => '0',
  'page' => '15',
)
[ info ] [ RUN ] app\api\controller\News->new_list[ D:\web\sina\php\apps\api\controller\News.php ]
[ info ] [ LOG ] INIT File
---------------------------------------------------------------
[ 2018-04-14T06:21:13+08:00 ] 127.0.0.1 127.0.0.1 GET /index.php/api/News/new_list?type=5&page=5
[ info ] www.php.cc/index.php/api/News/new_list?type=5&page=5 [运行时间：0.504468s][吞吐率：1.98req/s] [内存消耗：1,503.00kb] [文件加载：43]
[ info ] [ LANG ] D:\web\sina\php\thinkphp\lang\zh-cn.php
[ info ] [ ROUTE ] array (
  'type' => 'module',
  'module' => 
  array (
    0 => 'api',
    1 => 'News',
    2 => 'new_list',
  ),
)
[ info ] [ HEADER ] array (
  'host' => 'www.php.cc',
  'connection' => 'keep-alive',
  'accept' => 'application/json, text/plain, */*',
  'origin' => 'http://localhost:8080',
  'user-agent' => 'Mozilla/5.0 (iPhone; CPU iPhone OS 11_0 like Mac OS X) AppleWebKit/604.1.38 (KHTML, like Gecko) Version/11.0 Mobile/15A372 Safari/604.1',
  'referer' => 'http://localhost:8080/',
  'accept-encoding' => 'gzip, deflate',
  'accept-language' => 'zh-CN,zh;q=0.9',
)
[ info ] [ PARAM ] array (
  'type' => '5',
  'page' => '5',
)
[ info ] [ RUN ] app\api\controller\News->new_list[ D:\web\sina\php\apps\api\controller\News.php ]
[ info ] [ LOG ] INIT File
---------------------------------------------------------------
[ 2018-04-14T06:21:29+08:00 ] 127.0.0.1 127.0.0.1 GET /index.php/api/News/new_list?type=0&page=5
[ info ] www.php.cc/index.php/api/News/new_list?type=0&page=5 [运行时间：0.339525s][吞吐率：2.95req/s] [内存消耗：1,503.00kb] [文件加载：43]
[ info ] [ LANG ] D:\web\sina\php\thinkphp\lang\zh-cn.php
[ info ] [ ROUTE ] array (
  'type' => 'module',
  'module' => 
  array (
    0 => 'api',
    1 => 'News',
    2 => 'new_list',
  ),
)
[ info ] [ HEADER ] array (
  'host' => 'www.php.cc',
  'connection' => 'keep-alive',
  'accept' => 'application/json, text/plain, */*',
  'origin' => 'http://localhost:8080',
  'user-agent' => 'Mozilla/5.0 (iPhone; CPU iPhone OS 11_0 like Mac OS X) AppleWebKit/604.1.38 (KHTML, like Gecko) Version/11.0 Mobile/15A372 Safari/604.1',
  'referer' => 'http://localhost:8080/',
  'accept-encoding' => 'gzip, deflate',
  'accept-language' => 'zh-CN,zh;q=0.9',
)
[ info ] [ PARAM ] array (
  'type' => '0',
  'page' => '5',
)
[ info ] [ RUN ] app\api\controller\News->new_list[ D:\web\sina\php\apps\api\controller\News.php ]
[ info ] [ LOG ] INIT File
---------------------------------------------------------------
[ 2018-04-14T06:21:31+08:00 ] 127.0.0.1 127.0.0.1 GET /index.php/api/News/new_list?type=0&page=10
[ info ] www.php.cc/index.php/api/News/new_list?type=0&page=10 [运行时间：0.436214s][吞吐率：2.29req/s] [内存消耗：1,503.00kb] [文件加载：43]
[ info ] [ LANG ] D:\web\sina\php\thinkphp\lang\zh-cn.php
[ info ] [ ROUTE ] array (
  'type' => 'module',
  'module' => 
  array (
    0 => 'api',
    1 => 'News',
    2 => 'new_list',
  ),
)
[ info ] [ HEADER ] array (
  'host' => 'www.php.cc',
  'connection' => 'keep-alive',
  'accept' => 'application/json, text/plain, */*',
  'origin' => 'http://localhost:8080',
  'user-agent' => 'Mozilla/5.0 (iPhone; CPU iPhone OS 11_0 like Mac OS X) AppleWebKit/604.1.38 (KHTML, like Gecko) Version/11.0 Mobile/15A372 Safari/604.1',
  'referer' => 'http://localhost:8080/',
  'accept-encoding' => 'gzip, deflate',
  'accept-language' => 'zh-CN,zh;q=0.9',
)
[ info ] [ PARAM ] array (
  'type' => '0',
  'page' => '10',
)
[ info ] [ RUN ] app\api\controller\News->new_list[ D:\web\sina\php\apps\api\controller\News.php ]
[ info ] [ LOG ] INIT File
---------------------------------------------------------------
[ 2018-04-14T06:21:33+08:00 ] 127.0.0.1 127.0.0.1 GET /index.php/api//joke/index?page=1
[ info ] www.php.cc/index.php/api//joke/index?page=1 [运行时间：0.252790s][吞吐率：3.96req/s] [内存消耗：1,422.43kb] [文件加载：42]
[ info ] [ LANG ] D:\web\sina\php\thinkphp\lang\zh-cn.php
[ info ] [ ROUTE ] array (
  'type' => 'module',
  'module' => 
  array (
    0 => 'api',
    1 => 'joke',
    2 => 'index',
  ),
)
[ info ] [ HEADER ] array (
  'host' => 'www.php.cc',
  'connection' => 'keep-alive',
  'accept' => 'application/json, text/plain, */*',
  'origin' => 'http://localhost:8080',
  'user-agent' => 'Mozilla/5.0 (iPhone; CPU iPhone OS 11_0 like Mac OS X) AppleWebKit/604.1.38 (KHTML, like Gecko) Version/11.0 Mobile/15A372 Safari/604.1',
  'referer' => 'http://localhost:8080/',
  'accept-encoding' => 'gzip, deflate',
  'accept-language' => 'zh-CN,zh;q=0.9',
)
[ info ] [ PARAM ] array (
  'page' => '1',
)
[ info ] [ RUN ] app\api\controller\Joke->index[ D:\web\sina\php\apps\api\controller\Joke.php ]
[ info ] [ LOG ] INIT File
---------------------------------------------------------------
[ 2018-04-14T06:22:27+08:00 ] 127.0.0.1 127.0.0.1 GET /index.php/api/News/new_list?type=0&page=5
[ info ] www.php.cc/index.php/api/News/new_list?type=0&page=5 [运行时间：0.247077s][吞吐率：4.05req/s] [内存消耗：1,503.00kb] [文件加载：43]
[ info ] [ LANG ] D:\web\sina\php\thinkphp\lang\zh-cn.php
[ info ] [ ROUTE ] array (
  'type' => 'module',
  'module' => 
  array (
    0 => 'api',
    1 => 'News',
    2 => 'new_list',
  ),
)
[ info ] [ HEADER ] array (
  'host' => 'www.php.cc',
  'connection' => 'keep-alive',
  'accept' => 'application/json, text/plain, */*',
  'origin' => 'http://localhost:8080',
  'user-agent' => 'Mozilla/5.0 (iPhone; CPU iPhone OS 11_0 like Mac OS X) AppleWebKit/604.1.38 (KHTML, like Gecko) Version/11.0 Mobile/15A372 Safari/604.1',
  'referer' => 'http://localhost:8080/',
  'accept-encoding' => 'gzip, deflate',
  'accept-language' => 'zh-CN,zh;q=0.9',
)
[ info ] [ PARAM ] array (
  'type' => '0',
  'page' => '5',
)
[ info ] [ RUN ] app\api\controller\News->new_list[ D:\web\sina\php\apps\api\controller\News.php ]
[ info ] [ LOG ] INIT File
---------------------------------------------------------------
[ 2018-04-14T06:22:39+08:00 ] 127.0.0.1 127.0.0.1 GET /index.php/api//joke/index?page=1
[ info ] www.php.cc/index.php/api//joke/index?page=1 [运行时间：0.238048s][吞吐率：4.20req/s] [内存消耗：1,422.43kb] [文件加载：42]
[ info ] [ LANG ] D:\web\sina\php\thinkphp\lang\zh-cn.php
[ info ] [ ROUTE ] array (
  'type' => 'module',
  'module' => 
  array (
    0 => 'api',
    1 => 'joke',
    2 => 'index',
  ),
)
[ info ] [ HEADER ] array (
  'host' => 'www.php.cc',
  'connection' => 'keep-alive',
  'accept' => 'application/json, text/plain, */*',
  'origin' => 'http://localhost:8080',
  'user-agent' => 'Mozilla/5.0 (iPhone; CPU iPhone OS 11_0 like Mac OS X) AppleWebKit/604.1.38 (KHTML, like Gecko) Version/11.0 Mobile/15A372 Safari/604.1',
  'referer' => 'http://localhost:8080/',
  'accept-encoding' => 'gzip, deflate',
  'accept-language' => 'zh-CN,zh;q=0.9',
)
[ info ] [ PARAM ] array (
  'page' => '1',
)
[ info ] [ RUN ] app\api\controller\Joke->index[ D:\web\sina\php\apps\api\controller\Joke.php ]
[ info ] [ LOG ] INIT File
---------------------------------------------------------------
[ 2018-04-14T06:22:41+08:00 ] 127.0.0.1 127.0.0.1 GET /index.php/api//joke/index?page=2
[ info ] www.php.cc/index.php/api//joke/index?page=2 [运行时间：0.371625s][吞吐率：2.69req/s] [内存消耗：1,422.43kb] [文件加载：42]
[ info ] [ LANG ] D:\web\sina\php\thinkphp\lang\zh-cn.php
[ info ] [ ROUTE ] array (
  'type' => 'module',
  'module' => 
  array (
    0 => 'api',
    1 => 'joke',
    2 => 'index',
  ),
)
[ info ] [ HEADER ] array (
  'host' => 'www.php.cc',
  'connection' => 'keep-alive',
  'accept' => 'application/json, text/plain, */*',
  'origin' => 'http://localhost:8080',
  'user-agent' => 'Mozilla/5.0 (iPhone; CPU iPhone OS 11_0 like Mac OS X) AppleWebKit/604.1.38 (KHTML, like Gecko) Version/11.0 Mobile/15A372 Safari/604.1',
  'referer' => 'http://localhost:8080/',
  'accept-encoding' => 'gzip, deflate',
  'accept-language' => 'zh-CN,zh;q=0.9',
)
[ info ] [ PARAM ] array (
  'page' => '2',
)
[ info ] [ RUN ] app\api\controller\Joke->index[ D:\web\sina\php\apps\api\controller\Joke.php ]
[ info ] [ LOG ] INIT File
---------------------------------------------------------------
[ 2018-04-14T06:23:21+08:00 ] 127.0.0.1 127.0.0.1 GET /index.php/api/News/new_list?type=2&page=5
[ info ] www.php.cc/index.php/api/News/new_list?type=2&page=5 [运行时间：0.270583s][吞吐率：3.70req/s] [内存消耗：1,503.00kb] [文件加载：43]
[ info ] [ LANG ] D:\web\sina\php\thinkphp\lang\zh-cn.php
[ info ] [ ROUTE ] array (
  'type' => 'module',
  'module' => 
  array (
    0 => 'api',
    1 => 'News',
    2 => 'new_list',
  ),
)
[ info ] [ HEADER ] array (
  'host' => 'www.php.cc',
  'connection' => 'keep-alive',
  'accept' => 'application/json, text/plain, */*',
  'origin' => 'http://localhost:8080',
  'user-agent' => 'Mozilla/5.0 (iPhone; CPU iPhone OS 11_0 like Mac OS X) AppleWebKit/604.1.38 (KHTML, like Gecko) Version/11.0 Mobile/15A372 Safari/604.1',
  'referer' => 'http://localhost:8080/',
  'accept-encoding' => 'gzip, deflate',
  'accept-language' => 'zh-CN,zh;q=0.9',
)
[ info ] [ PARAM ] array (
  'type' => '2',
  'page' => '5',
)
[ info ] [ RUN ] app\api\controller\News->new_list[ D:\web\sina\php\apps\api\controller\News.php ]
[ info ] [ LOG ] INIT File
---------------------------------------------------------------
[ 2018-04-14T06:23:25+08:00 ] 127.0.0.1 127.0.0.1 GET /index.php/api/News/new_list?type=1&page=5
[ info ] www.php.cc/index.php/api/News/new_list?type=1&page=5 [运行时间：0.339970s][吞吐率：2.94req/s] [内存消耗：1,503.00kb] [文件加载：43]
[ info ] [ LANG ] D:\web\sina\php\thinkphp\lang\zh-cn.php
[ info ] [ ROUTE ] array (
  'type' => 'module',
  'module' => 
  array (
    0 => 'api',
    1 => 'News',
    2 => 'new_list',
  ),
)
[ info ] [ HEADER ] array (
  'host' => 'www.php.cc',
  'connection' => 'keep-alive',
  'accept' => 'application/json, text/plain, */*',
  'origin' => 'http://localhost:8080',
  'user-agent' => 'Mozilla/5.0 (iPhone; CPU iPhone OS 11_0 like Mac OS X) AppleWebKit/604.1.38 (KHTML, like Gecko) Version/11.0 Mobile/15A372 Safari/604.1',
  'referer' => 'http://localhost:8080/',
  'accept-encoding' => 'gzip, deflate',
  'accept-language' => 'zh-CN,zh;q=0.9',
)
[ info ] [ PARAM ] array (
  'type' => '1',
  'page' => '5',
)
[ info ] [ RUN ] app\api\controller\News->new_list[ D:\web\sina\php\apps\api\controller\News.php ]
[ info ] [ LOG ] INIT File
---------------------------------------------------------------
[ 2018-04-14T06:23:29+08:00 ] 127.0.0.1 127.0.0.1 GET /index.php/api/News/new_list?type=2&page=10
[ info ] www.php.cc/index.php/api/News/new_list?type=2&page=10 [运行时间：0.376698s][吞吐率：2.65req/s] [内存消耗：1,503.00kb] [文件加载：43]
[ info ] [ LANG ] D:\web\sina\php\thinkphp\lang\zh-cn.php
[ info ] [ ROUTE ] array (
  'type' => 'module',
  'module' => 
  array (
    0 => 'api',
    1 => 'News',
    2 => 'new_list',
  ),
)
[ info ] [ HEADER ] array (
  'host' => 'www.php.cc',
  'connection' => 'keep-alive',
  'accept' => 'application/json, text/plain, */*',
  'origin' => 'http://localhost:8080',
  'user-agent' => 'Mozilla/5.0 (iPhone; CPU iPhone OS 11_0 like Mac OS X) AppleWebKit/604.1.38 (KHTML, like Gecko) Version/11.0 Mobile/15A372 Safari/604.1',
  'referer' => 'http://localhost:8080/',
  'accept-encoding' => 'gzip, deflate',
  'accept-language' => 'zh-CN,zh;q=0.9',
)
[ info ] [ PARAM ] array (
  'type' => '2',
  'page' => '10',
)
[ info ] [ RUN ] app\api\controller\News->new_list[ D:\web\sina\php\apps\api\controller\News.php ]
[ info ] [ LOG ] INIT File
---------------------------------------------------------------
[ 2018-04-14T06:23:47+08:00 ] 127.0.0.1 127.0.0.1 GET /index.php/api/News/new_list?type=0&page=10
[ info ] www.php.cc/index.php/api/News/new_list?type=0&page=10 [运行时间：0.293984s][吞吐率：3.40req/s] [内存消耗：1,503.00kb] [文件加载：43]
[ info ] [ LANG ] D:\web\sina\php\thinkphp\lang\zh-cn.php
[ info ] [ ROUTE ] array (
  'type' => 'module',
  'module' => 
  array (
    0 => 'api',
    1 => 'News',
    2 => 'new_list',
  ),
)
[ info ] [ HEADER ] array (
  'host' => 'www.php.cc',
  'connection' => 'keep-alive',
  'accept' => 'application/json, text/plain, */*',
  'origin' => 'http://localhost:8080',
  'user-agent' => 'Mozilla/5.0 (iPhone; CPU iPhone OS 11_0 like Mac OS X) AppleWebKit/604.1.38 (KHTML, like Gecko) Version/11.0 Mobile/15A372 Safari/604.1',
  'referer' => 'http://localhost:8080/',
  'accept-encoding' => 'gzip, deflate',
  'accept-language' => 'zh-CN,zh;q=0.9',
)
[ info ] [ PARAM ] array (
  'type' => '0',
  'page' => '10',
)
[ info ] [ RUN ] app\api\controller\News->new_list[ D:\web\sina\php\apps\api\controller\News.php ]
[ info ] [ LOG ] INIT File
---------------------------------------------------------------
[ 2018-04-14T06:23:57+08:00 ] 127.0.0.1 127.0.0.1 GET /index.php/api/News/new_list?type=0&page=15
[ info ] www.php.cc/index.php/api/News/new_list?type=0&page=15 [运行时间：0.260652s][吞吐率：3.84req/s] [内存消耗：1,503.00kb] [文件加载：43]
[ info ] [ LANG ] D:\web\sina\php\thinkphp\lang\zh-cn.php
[ info ] [ ROUTE ] array (
  'type' => 'module',
  'module' => 
  array (
    0 => 'api',
    1 => 'News',
    2 => 'new_list',
  ),
)
[ info ] [ HEADER ] array (
  'host' => 'www.php.cc',
  'connection' => 'keep-alive',
  'accept' => 'application/json, text/plain, */*',
  'origin' => 'http://localhost:8080',
  'user-agent' => 'Mozilla/5.0 (iPhone; CPU iPhone OS 11_0 like Mac OS X) AppleWebKit/604.1.38 (KHTML, like Gecko) Version/11.0 Mobile/15A372 Safari/604.1',
  'referer' => 'http://localhost:8080/',
  'accept-encoding' => 'gzip, deflate',
  'accept-language' => 'zh-CN,zh;q=0.9',
)
[ info ] [ PARAM ] array (
  'type' => '0',
  'page' => '15',
)
[ info ] [ RUN ] app\api\controller\News->new_list[ D:\web\sina\php\apps\api\controller\News.php ]
[ info ] [ LOG ] INIT File
---------------------------------------------------------------
[ 2018-04-14T06:23:58+08:00 ] 127.0.0.1 127.0.0.1 GET /index.php/api/News/new_list?type=0&page=20
[ info ] www.php.cc/index.php/api/News/new_list?type=0&page=20 [运行时间：0.411220s][吞吐率：2.43req/s] [内存消耗：1,503.00kb] [文件加载：43]
[ info ] [ LANG ] D:\web\sina\php\thinkphp\lang\zh-cn.php
[ info ] [ ROUTE ] array (
  'type' => 'module',
  'module' => 
  array (
    0 => 'api',
    1 => 'News',
    2 => 'new_list',
  ),
)
[ info ] [ HEADER ] array (
  'host' => 'www.php.cc',
  'connection' => 'keep-alive',
  'accept' => 'application/json, text/plain, */*',
  'origin' => 'http://localhost:8080',
  'user-agent' => 'Mozilla/5.0 (iPhone; CPU iPhone OS 11_0 like Mac OS X) AppleWebKit/604.1.38 (KHTML, like Gecko) Version/11.0 Mobile/15A372 Safari/604.1',
  'referer' => 'http://localhost:8080/',
  'accept-encoding' => 'gzip, deflate',
  'accept-language' => 'zh-CN,zh;q=0.9',
)
[ info ] [ PARAM ] array (
  'type' => '0',
  'page' => '20',
)
[ info ] [ RUN ] app\api\controller\News->new_list[ D:\web\sina\php\apps\api\controller\News.php ]
[ info ] [ LOG ] INIT File
---------------------------------------------------------------
[ 2018-04-14T06:30:24+08:00 ] 127.0.0.1 127.0.0.1 GET /index.php/api/News/new_list?type=0&page=5
[ info ] www.php.cc/index.php/api/News/new_list?type=0&page=5 [运行时间：2.381493s][吞吐率：0.42req/s] [内存消耗：1,503.00kb] [文件加载：43]
[ info ] [ LANG ] D:\web\sina\php\thinkphp\lang\zh-cn.php
[ info ] [ ROUTE ] array (
  'type' => 'module',
  'module' => 
  array (
    0 => 'api',
    1 => 'News',
    2 => 'new_list',
  ),
)
[ info ] [ HEADER ] array (
  'host' => 'www.php.cc',
  'connection' => 'keep-alive',
  'accept' => 'application/json, text/plain, */*',
  'origin' => 'http://localhost:8080',
  'user-agent' => 'Mozilla/5.0 (iPhone; CPU iPhone OS 11_0 like Mac OS X) AppleWebKit/604.1.38 (KHTML, like Gecko) Version/11.0 Mobile/15A372 Safari/604.1',
  'referer' => 'http://localhost:8080/',
  'accept-encoding' => 'gzip, deflate',
  'accept-language' => 'zh-CN,zh;q=0.9',
)
[ info ] [ PARAM ] array (
  'type' => '0',
  'page' => '5',
)
[ info ] [ RUN ] app\api\controller\News->new_list[ D:\web\sina\php\apps\api\controller\News.php ]
[ info ] [ LOG ] INIT File
---------------------------------------------------------------
[ 2018-04-14T06:33:55+08:00 ] 127.0.0.1 127.0.0.1 GET /index.php/api/News/new_list?type=0&page=5
[ info ] www.php.cc/index.php/api/News/new_list?type=0&page=5 [运行时间：0.271423s][吞吐率：3.68req/s] [内存消耗：1,503.00kb] [文件加载：43]
[ info ] [ LANG ] D:\web\sina\php\thinkphp\lang\zh-cn.php
[ info ] [ ROUTE ] array (
  'type' => 'module',
  'module' => 
  array (
    0 => 'api',
    1 => 'News',
    2 => 'new_list',
  ),
)
[ info ] [ HEADER ] array (
  'host' => 'www.php.cc',
  'connection' => 'keep-alive',
  'accept' => 'application/json, text/plain, */*',
  'origin' => 'http://localhost:8080',
  'user-agent' => 'Mozilla/5.0 (iPhone; CPU iPhone OS 11_0 like Mac OS X) AppleWebKit/604.1.38 (KHTML, like Gecko) Version/11.0 Mobile/15A372 Safari/604.1',
  'referer' => 'http://localhost:8080/',
  'accept-encoding' => 'gzip, deflate',
  'accept-language' => 'zh-CN,zh;q=0.9',
)
[ info ] [ PARAM ] array (
  'type' => '0',
  'page' => '5',
)
[ info ] [ RUN ] app\api\controller\News->new_list[ D:\web\sina\php\apps\api\controller\News.php ]
[ info ] [ LOG ] INIT File
---------------------------------------------------------------
[ 2018-04-14T06:36:41+08:00 ] 127.0.0.1 127.0.0.1 GET /index.php/api/News/new_list?type=0&page=5
[ info ] www.php.cc/index.php/api/News/new_list?type=0&page=5 [运行时间：0.392987s][吞吐率：2.54req/s] [内存消耗：1,503.00kb] [文件加载：43]
[ info ] [ LANG ] D:\web\sina\php\thinkphp\lang\zh-cn.php
[ info ] [ ROUTE ] array (
  'type' => 'module',
  'module' => 
  array (
    0 => 'api',
    1 => 'News',
    2 => 'new_list',
  ),
)
[ info ] [ HEADER ] array (
  'host' => 'www.php.cc',
  'connection' => 'keep-alive',
  'accept' => 'application/json, text/plain, */*',
  'origin' => 'http://localhost:8080',
  'user-agent' => 'Mozilla/5.0 (iPhone; CPU iPhone OS 11_0 like Mac OS X) AppleWebKit/604.1.38 (KHTML, like Gecko) Version/11.0 Mobile/15A372 Safari/604.1',
  'referer' => 'http://localhost:8080/',
  'accept-encoding' => 'gzip, deflate',
  'accept-language' => 'zh-CN,zh;q=0.9',
)
[ info ] [ PARAM ] array (
  'type' => '0',
  'page' => '5',
)
[ info ] [ RUN ] app\api\controller\News->new_list[ D:\web\sina\php\apps\api\controller\News.php ]
[ info ] [ LOG ] INIT File
---------------------------------------------------------------
[ 2018-04-14T06:36:44+08:00 ] 127.0.0.1 127.0.0.1 GET /index.php/api/News/new_list?type=0&page=5
[ info ] www.php.cc/index.php/api/News/new_list?type=0&page=5 [运行时间：0.294792s][吞吐率：3.39req/s] [内存消耗：1,503.00kb] [文件加载：43]
[ info ] [ LANG ] D:\web\sina\php\thinkphp\lang\zh-cn.php
[ info ] [ ROUTE ] array (
  'type' => 'module',
  'module' => 
  array (
    0 => 'api',
    1 => 'News',
    2 => 'new_list',
  ),
)
[ info ] [ HEADER ] array (
  'host' => 'www.php.cc',
  'connection' => 'keep-alive',
  'accept' => 'application/json, text/plain, */*',
  'origin' => 'http://localhost:8080',
  'user-agent' => 'Mozilla/5.0 (iPhone; CPU iPhone OS 11_0 like Mac OS X) AppleWebKit/604.1.38 (KHTML, like Gecko) Version/11.0 Mobile/15A372 Safari/604.1',
  'referer' => 'http://localhost:8080/',
  'accept-encoding' => 'gzip, deflate',
  'accept-language' => 'zh-CN,zh;q=0.9',
)
[ info ] [ PARAM ] array (
  'type' => '0',
  'page' => '5',
)
[ info ] [ RUN ] app\api\controller\News->new_list[ D:\web\sina\php\apps\api\controller\News.php ]
[ info ] [ LOG ] INIT File
---------------------------------------------------------------
[ 2018-04-14T06:40:57+08:00 ] 127.0.0.1 127.0.0.1 GET /index.php/api/News/new_list?type=0&page=5
[ info ] www.php.cc/index.php/api/News/new_list?type=0&page=5 [运行时间：0.323358s][吞吐率：3.09req/s] [内存消耗：1,503.00kb] [文件加载：43]
[ info ] [ LANG ] D:\web\sina\php\thinkphp\lang\zh-cn.php
[ info ] [ ROUTE ] array (
  'type' => 'module',
  'module' => 
  array (
    0 => 'api',
    1 => 'News',
    2 => 'new_list',
  ),
)
[ info ] [ HEADER ] array (
  'host' => 'www.php.cc',
  'connection' => 'keep-alive',
  'accept' => 'application/json, text/plain, */*',
  'origin' => 'http://localhost:8080',
  'user-agent' => 'Mozilla/5.0 (iPhone; CPU iPhone OS 11_0 like Mac OS X) AppleWebKit/604.1.38 (KHTML, like Gecko) Version/11.0 Mobile/15A372 Safari/604.1',
  'referer' => 'http://localhost:8080/',
  'accept-encoding' => 'gzip, deflate',
  'accept-language' => 'zh-CN,zh;q=0.9',
)
[ info ] [ PARAM ] array (
  'type' => '0',
  'page' => '5',
)
[ info ] [ RUN ] app\api\controller\News->new_list[ D:\web\sina\php\apps\api\controller\News.php ]
[ info ] [ LOG ] INIT File
---------------------------------------------------------------
[ 2018-04-14T06:41:26+08:00 ] 127.0.0.1 127.0.0.1 GET /index.php/api/News/new_list?type=0&page=10
[ info ] www.php.cc/index.php/api/News/new_list?type=0&page=10 [运行时间：0.367741s][吞吐率：2.72req/s] [内存消耗：1,503.00kb] [文件加载：43]
[ info ] [ LANG ] D:\web\sina\php\thinkphp\lang\zh-cn.php
[ info ] [ ROUTE ] array (
  'type' => 'module',
  'module' => 
  array (
    0 => 'api',
    1 => 'News',
    2 => 'new_list',
  ),
)
[ info ] [ HEADER ] array (
  'host' => 'www.php.cc',
  'connection' => 'keep-alive',
  'accept' => 'application/json, text/plain, */*',
  'origin' => 'http://localhost:8080',
  'user-agent' => 'Mozilla/5.0 (iPhone; CPU iPhone OS 11_0 like Mac OS X) AppleWebKit/604.1.38 (KHTML, like Gecko) Version/11.0 Mobile/15A372 Safari/604.1',
  'referer' => 'http://localhost:8080/',
  'accept-encoding' => 'gzip, deflate',
  'accept-language' => 'zh-CN,zh;q=0.9',
)
[ info ] [ PARAM ] array (
  'type' => '0',
  'page' => '10',
)
[ info ] [ RUN ] app\api\controller\News->new_list[ D:\web\sina\php\apps\api\controller\News.php ]
[ info ] [ LOG ] INIT File
---------------------------------------------------------------
[ 2018-04-14T06:41:27+08:00 ] 127.0.0.1 127.0.0.1 GET /index.php/api/News/new_list?type=0&page=15
[ info ] www.php.cc/index.php/api/News/new_list?type=0&page=15 [运行时间：0.354818s][吞吐率：2.82req/s] [内存消耗：1,503.00kb] [文件加载：43]
[ info ] [ LANG ] D:\web\sina\php\thinkphp\lang\zh-cn.php
[ info ] [ ROUTE ] array (
  'type' => 'module',
  'module' => 
  array (
    0 => 'api',
    1 => 'News',
    2 => 'new_list',
  ),
)
[ info ] [ HEADER ] array (
  'host' => 'www.php.cc',
  'connection' => 'keep-alive',
  'accept' => 'application/json, text/plain, */*',
  'origin' => 'http://localhost:8080',
  'user-agent' => 'Mozilla/5.0 (iPhone; CPU iPhone OS 11_0 like Mac OS X) AppleWebKit/604.1.38 (KHTML, like Gecko) Version/11.0 Mobile/15A372 Safari/604.1',
  'referer' => 'http://localhost:8080/',
  'accept-encoding' => 'gzip, deflate',
  'accept-language' => 'zh-CN,zh;q=0.9',
)
[ info ] [ PARAM ] array (
  'type' => '0',
  'page' => '15',
)
[ info ] [ RUN ] app\api\controller\News->new_list[ D:\web\sina\php\apps\api\controller\News.php ]
[ info ] [ LOG ] INIT File
---------------------------------------------------------------
[ 2018-04-14T06:41:29+08:00 ] 127.0.0.1 127.0.0.1 GET /index.php/api/News/new_list?type=0&page=20
[ info ] www.php.cc/index.php/api/News/new_list?type=0&page=20 [运行时间：0.342487s][吞吐率：2.92req/s] [内存消耗：1,503.00kb] [文件加载：43]
[ info ] [ LANG ] D:\web\sina\php\thinkphp\lang\zh-cn.php
[ info ] [ ROUTE ] array (
  'type' => 'module',
  'module' => 
  array (
    0 => 'api',
    1 => 'News',
    2 => 'new_list',
  ),
)
[ info ] [ HEADER ] array (
  'host' => 'www.php.cc',
  'connection' => 'keep-alive',
  'accept' => 'application/json, text/plain, */*',
  'origin' => 'http://localhost:8080',
  'user-agent' => 'Mozilla/5.0 (iPhone; CPU iPhone OS 11_0 like Mac OS X) AppleWebKit/604.1.38 (KHTML, like Gecko) Version/11.0 Mobile/15A372 Safari/604.1',
  'referer' => 'http://localhost:8080/',
  'accept-encoding' => 'gzip, deflate',
  'accept-language' => 'zh-CN,zh;q=0.9',
)
[ info ] [ PARAM ] array (
  'type' => '0',
  'page' => '20',
)
[ info ] [ RUN ] app\api\controller\News->new_list[ D:\web\sina\php\apps\api\controller\News.php ]
[ info ] [ LOG ] INIT File
---------------------------------------------------------------
[ 2018-04-14T06:42:22+08:00 ] 127.0.0.1 127.0.0.1 GET /index.php/api/News/new_list?type=0&page=25
[ info ] www.php.cc/index.php/api/News/new_list?type=0&page=25 [运行时间：0.337191s][吞吐率：2.97req/s] [内存消耗：1,503.00kb] [文件加载：43]
[ info ] [ LANG ] D:\web\sina\php\thinkphp\lang\zh-cn.php
[ info ] [ ROUTE ] array (
  'type' => 'module',
  'module' => 
  array (
    0 => 'api',
    1 => 'News',
    2 => 'new_list',
  ),
)
[ info ] [ HEADER ] array (
  'host' => 'www.php.cc',
  'connection' => 'keep-alive',
  'accept' => 'application/json, text/plain, */*',
  'origin' => 'http://localhost:8080',
  'user-agent' => 'Mozilla/5.0 (iPhone; CPU iPhone OS 11_0 like Mac OS X) AppleWebKit/604.1.38 (KHTML, like Gecko) Version/11.0 Mobile/15A372 Safari/604.1',
  'referer' => 'http://localhost:8080/',
  'accept-encoding' => 'gzip, deflate',
  'accept-language' => 'zh-CN,zh;q=0.9',
)
[ info ] [ PARAM ] array (
  'type' => '0',
  'page' => '25',
)
[ info ] [ RUN ] app\api\controller\News->new_list[ D:\web\sina\php\apps\api\controller\News.php ]
[ info ] [ LOG ] INIT File
---------------------------------------------------------------
[ 2018-04-14T07:29:33+08:00 ] 127.0.0.1 127.0.0.1 GET /
[ info ] www.php.cc/ [运行时间：0.205672s][吞吐率：4.86req/s] [内存消耗：1,413.54kb] [文件加载：42]
[ info ] [ LANG ] D:\web\sina\php\thinkphp\lang\zh-cn.php
[ info ] [ ROUTE ] array (
  'type' => 'module',
  'module' => 
  array (
    0 => '',
    1 => NULL,
    2 => NULL,
  ),
)
[ info ] [ HEADER ] array (
  'host' => 'www.php.cc',
  'connection' => 'keep-alive',
  'upgrade-insecure-requests' => '1',
  'user-agent' => 'Mozilla/5.0 (Windows NT 10.0; Win64; x64) AppleWebKit/537.36 (KHTML, like Gecko) Chrome/65.0.3325.181 Safari/537.36',
  'accept' => 'text/html,application/xhtml+xml,application/xml;q=0.9,image/webp,image/apng,*/*;q=0.8',
  'accept-encoding' => 'gzip, deflate',
  'accept-language' => 'zh-CN,zh;q=0.9',
)
[ info ] [ PARAM ] array (
)
[ info ] [ RUN ] app\api\controller\Index->index[ D:\web\sina\php\apps\api\controller\Index.php ]
[ info ] [ LOG ] INIT File
---------------------------------------------------------------
[ 2018-04-14T07:29:36+08:00 ] 127.0.0.1 127.0.0.1 GET /_coverpage.md
[ info ] www.php.cc/_coverpage.md [运行时间：0.032239s][吞吐率：31.02req/s] [内存消耗：1,510.11kb] [文件加载：41]
[ info ] [ LANG ] D:\web\sina\php\thinkphp\lang\zh-cn.php
[ info ] [ ROUTE ] array (
  'type' => 'module',
  'module' => 
  array (
    0 => '_coverpage.md',
    1 => NULL,
    2 => NULL,
  ),
)
[ info ] [ HEADER ] array (
  'host' => 'www.php.cc',
  'connection' => 'keep-alive',
  'user-agent' => 'Mozilla/5.0 (Windows NT 10.0; Win64; x64) AppleWebKit/537.36 (KHTML, like Gecko) Chrome/65.0.3325.181 Safari/537.36',
  'accept' => '*/*',
  'referer' => 'http://www.php.cc/',
  'accept-encoding' => 'gzip, deflate',
  'accept-language' => 'zh-CN,zh;q=0.9',
)
[ info ] [ PARAM ] array (
)
[ info ] [ LOG ] INIT File
---------------------------------------------------------------
[ 2018-04-14T09:24:08+08:00 ] 127.0.0.1 127.0.0.1 GET /
[ info ] www.php.cc/ [运行时间：0.878624s][吞吐率：1.14req/s] [内存消耗：1,413.54kb] [文件加载：42]
[ info ] [ LANG ] D:\web\sina\php\thinkphp\lang\zh-cn.php
[ info ] [ ROUTE ] array (
  'type' => 'module',
  'module' => 
  array (
    0 => '',
    1 => NULL,
    2 => NULL,
  ),
)
[ info ] [ HEADER ] array (
  'host' => 'www.php.cc',
  'connection' => 'keep-alive',
  'upgrade-insecure-requests' => '1',
  'user-agent' => 'Mozilla/5.0 (Windows NT 10.0; Win64; x64) AppleWebKit/537.36 (KHTML, like Gecko) Chrome/65.0.3325.181 Safari/537.36',
  'accept' => 'text/html,application/xhtml+xml,application/xml;q=0.9,image/webp,image/apng,*/*;q=0.8',
  'accept-encoding' => 'gzip, deflate',
  'accept-language' => 'zh-CN,zh;q=0.9',
)
[ info ] [ PARAM ] array (
)
[ info ] [ RUN ] app\api\controller\Index->index[ D:\web\sina\php\apps\api\controller\Index.php ]
[ info ] [ LOG ] INIT File
---------------------------------------------------------------
[ 2018-04-14T09:24:09+08:00 ] 127.0.0.1 127.0.0.1 GET /_coverpage.md
[ info ] www.php.cc/_coverpage.md [运行时间：0.205846s][吞吐率：4.86req/s] [内存消耗：1,510.11kb] [文件加载：41]
[ info ] [ LANG ] D:\web\sina\php\thinkphp\lang\zh-cn.php
[ info ] [ ROUTE ] array (
  'type' => 'module',
  'module' => 
  array (
    0 => '_coverpage.md',
    1 => NULL,
    2 => NULL,
  ),
)
[ info ] [ HEADER ] array (
  'host' => 'www.php.cc',
  'connection' => 'keep-alive',
  'user-agent' => 'Mozilla/5.0 (Windows NT 10.0; Win64; x64) AppleWebKit/537.36 (KHTML, like Gecko) Chrome/65.0.3325.181 Safari/537.36',
  'accept' => '*/*',
  'referer' => 'http://www.php.cc/',
  'accept-encoding' => 'gzip, deflate',
  'accept-language' => 'zh-CN,zh;q=0.9',
)
[ info ] [ PARAM ] array (
)
[ info ] [ LOG ] INIT File
---------------------------------------------------------------
[ 2018-04-14T09:26:56+08:00 ] 127.0.0.1 127.0.0.1 GET /
[ info ] www.php.cc/ [运行时间：0.223076s][吞吐率：4.48req/s] [内存消耗：1,415.04kb] [文件加载：42]
[ info ] [ LANG ] D:\web\sina\php\thinkphp\lang\zh-cn.php
[ info ] [ ROUTE ] array (
  'type' => 'module',
  'module' => 
  array (
    0 => '',
    1 => NULL,
    2 => NULL,
  ),
)
[ info ] [ HEADER ] array (
  'host' => 'www.php.cc',
  'connection' => 'keep-alive',
  'cache-control' => 'max-age=0',
  'upgrade-insecure-requests' => '1',
  'user-agent' => 'Mozilla/5.0 (Windows NT 10.0; Win64; x64) AppleWebKit/537.36 (KHTML, like Gecko) Chrome/65.0.3325.181 Safari/537.36',
  'accept' => 'text/html,application/xhtml+xml,application/xml;q=0.9,image/webp,image/apng,*/*;q=0.8',
  'accept-encoding' => 'gzip, deflate',
  'accept-language' => 'zh-CN,zh;q=0.9',
)
[ info ] [ PARAM ] array (
)
[ info ] [ RUN ] app\api\controller\Index->index[ D:\web\sina\php\apps\api\controller\Index.php ]
[ info ] [ LOG ] INIT File
---------------------------------------------------------------
[ 2018-04-14T09:26:56+08:00 ] 127.0.0.1 127.0.0.1 GET /_coverpage.md
[ info ] www.php.cc/_coverpage.md [运行时间：0.038246s][吞吐率：26.15req/s] [内存消耗：1,510.11kb] [文件加载：41]
[ info ] [ LANG ] D:\web\sina\php\thinkphp\lang\zh-cn.php
[ info ] [ ROUTE ] array (
  'type' => 'module',
  'module' => 
  array (
    0 => '_coverpage.md',
    1 => NULL,
    2 => NULL,
  ),
)
[ info ] [ HEADER ] array (
  'host' => 'www.php.cc',
  'connection' => 'keep-alive',
  'user-agent' => 'Mozilla/5.0 (Windows NT 10.0; Win64; x64) AppleWebKit/537.36 (KHTML, like Gecko) Chrome/65.0.3325.181 Safari/537.36',
  'accept' => '*/*',
  'referer' => 'http://www.php.cc/',
  'accept-encoding' => 'gzip, deflate',
  'accept-language' => 'zh-CN,zh;q=0.9',
)
[ info ] [ PARAM ] array (
)
[ info ] [ LOG ] INIT File
---------------------------------------------------------------
[ 2018-04-14T09:27:03+08:00 ] 127.0.0.1 127.0.0.1 GET /
[ info ] www.php.cc/ [运行时间：0.146227s][吞吐率：6.84req/s] [内存消耗：1,415.04kb] [文件加载：42]
[ info ] [ LANG ] D:\web\sina\php\thinkphp\lang\zh-cn.php
[ info ] [ ROUTE ] array (
  'type' => 'module',
  'module' => 
  array (
    0 => '',
    1 => NULL,
    2 => NULL,
  ),
)
[ info ] [ HEADER ] array (
  'host' => 'www.php.cc',
  'connection' => 'keep-alive',
  'cache-control' => 'max-age=0',
  'upgrade-insecure-requests' => '1',
  'user-agent' => 'Mozilla/5.0 (Windows NT 10.0; Win64; x64) AppleWebKit/537.36 (KHTML, like Gecko) Chrome/65.0.3325.181 Safari/537.36',
  'accept' => 'text/html,application/xhtml+xml,application/xml;q=0.9,image/webp,image/apng,*/*;q=0.8',
  'accept-encoding' => 'gzip, deflate',
  'accept-language' => 'zh-CN,zh;q=0.9',
)
[ info ] [ PARAM ] array (
)
[ info ] [ RUN ] app\api\controller\Index->index[ D:\web\sina\php\apps\api\controller\Index.php ]
[ info ] [ LOG ] INIT File
---------------------------------------------------------------
[ 2018-04-14T09:27:03+08:00 ] 127.0.0.1 127.0.0.1 GET /_coverpage.md
[ info ] www.php.cc/_coverpage.md [运行时间：0.032067s][吞吐率：31.18req/s] [内存消耗：1,510.11kb] [文件加载：41]
[ info ] [ LANG ] D:\web\sina\php\thinkphp\lang\zh-cn.php
[ info ] [ ROUTE ] array (
  'type' => 'module',
  'module' => 
  array (
    0 => '_coverpage.md',
    1 => NULL,
    2 => NULL,
  ),
)
[ info ] [ HEADER ] array (
  'host' => 'www.php.cc',
  'connection' => 'keep-alive',
  'user-agent' => 'Mozilla/5.0 (Windows NT 10.0; Win64; x64) AppleWebKit/537.36 (KHTML, like Gecko) Chrome/65.0.3325.181 Safari/537.36',
  'accept' => '*/*',
  'referer' => 'http://www.php.cc/',
  'accept-encoding' => 'gzip, deflate',
  'accept-language' => 'zh-CN,zh;q=0.9',
)
[ info ] [ PARAM ] array (
)
[ info ] [ LOG ] INIT File
---------------------------------------------------------------
[ 2018-04-14T09:27:36+08:00 ] 127.0.0.1 127.0.0.1 GET /index.php/api/News/new_list?type=0&page=5
[ info ] www.php.cc/index.php/api/News/new_list?type=0&page=5 [运行时间：2.839666s][吞吐率：0.35req/s] [内存消耗：1,503.00kb] [文件加载：43]
[ info ] [ LANG ] D:\web\sina\php\thinkphp\lang\zh-cn.php
[ info ] [ ROUTE ] array (
  'type' => 'module',
  'module' => 
  array (
    0 => 'api',
    1 => 'News',
    2 => 'new_list',
  ),
)
[ info ] [ HEADER ] array (
  'host' => 'www.php.cc',
  'connection' => 'keep-alive',
  'accept' => 'application/json, text/plain, */*',
  'origin' => 'http://localhost:8080',
  'user-agent' => 'Mozilla/5.0 (iPhone; CPU iPhone OS 11_0 like Mac OS X) AppleWebKit/604.1.38 (KHTML, like Gecko) Version/11.0 Mobile/15A372 Safari/604.1',
  'referer' => 'http://localhost:8080/',
  'accept-encoding' => 'gzip, deflate',
  'accept-language' => 'zh-CN,zh;q=0.9',
)
[ info ] [ PARAM ] array (
  'type' => '0',
  'page' => '5',
)
[ info ] [ RUN ] app\api\controller\News->new_list[ D:\web\sina\php\apps\api\controller\News.php ]
[ info ] [ LOG ] INIT File
---------------------------------------------------------------
[ 2018-04-14T09:27:42+08:00 ] 127.0.0.1 127.0.0.1 GET /index.php/api/News/new_list?type=0&page=5
[ info ] www.php.cc/index.php/api/News/new_list?type=0&page=5 [运行时间：0.223104s][吞吐率：4.48req/s] [内存消耗：1,502.90kb] [文件加载：43]
[ info ] [ LANG ] D:\web\sina\php\thinkphp\lang\zh-cn.php
[ info ] [ ROUTE ] array (
  'type' => 'module',
  'module' => 
  array (
    0 => 'api',
    1 => 'News',
    2 => 'new_list',
  ),
)
[ info ] [ HEADER ] array (
  'host' => 'www.php.cc',
  'connection' => 'keep-alive',
  'upgrade-insecure-requests' => '1',
  'user-agent' => 'Mozilla/5.0 (Windows NT 10.0; Win64; x64) AppleWebKit/537.36 (KHTML, like Gecko) Chrome/65.0.3325.181 Safari/537.36',
  'accept' => 'text/html,application/xhtml+xml,application/xml;q=0.9,image/webp,image/apng,*/*;q=0.8',
  'accept-encoding' => 'gzip, deflate',
  'accept-language' => 'zh-CN,zh;q=0.9',
)
[ info ] [ PARAM ] array (
  'type' => '0',
  'page' => '5',
)
[ info ] [ RUN ] app\api\controller\News->new_list[ D:\web\sina\php\apps\api\controller\News.php ]
[ info ] [ LOG ] INIT File
